#
# There is insufficient memory for the Java Runtime Environment to continue.
# Native memory allocation (mmap) failed to map 134217728 bytes for Failed to commit area from 0x0000000081e00000 to 0x0000000089e00000 of length 134217728.
# Possible reasons:
#   The system is out of physical RAM or swap space
#   The process is running with CompressedOops enabled, and the Java Heap may be blocking the growth of the native heap
# Possible solutions:
#   Reduce memory load on the system
#   Increase physical memory or swap space
#   Check if swap backing store is full
#   Decrease Java heap size (-Xmx/-Xms)
#   Decrease number of Java threads
#   Decrease Java thread stack sizes (-Xss)
#   Set larger code cache with -XX:ReservedCodeCacheSize=
# This output file may be truncated or incomplete.
#
#  Out of Memory Error (c:/BuildAgent/work/5ff2f6c26000d570/src/hotspot/os/windows/os_windows.cpp:3281), pid=4136, tid=3708
#
# JRE version:  (11.0.4+10) (build )
# Java VM: OpenJDK 64-Bit Server VM (11.0.4+10-b520.11, mixed mode, aot, sharing, tiered, compressed oops, g1 gc, windows-amd64)
# No core dump will be written. Minidumps are not enabled by default on client versions of Windows
#

---------------  S U M M A R Y ------------

Command Line: -Dmaven.multiModuleProjectDirectory=C:\Users\mcourrierdemere\Documents\ProjetEcole\projetEcole -Dmaven.home=C:\Program Files\JetBrains\IntelliJ IDEA 2019.3\plugins\maven\lib\maven3 -Dclassworlds.conf=C:\Program Files\JetBrains\IntelliJ IDEA 2019.3\plugins\maven\lib\maven3\bin\m2.conf -Dmaven.ext.class.path=C:\Program Files\JetBrains\IntelliJ IDEA 2019.3\plugins\maven\lib\maven-event-listener.jar -javaagent:C:\Program Files\JetBrains\IntelliJ IDEA 2019.3\lib\idea_rt.jar=51671:C:\Program Files\JetBrains\IntelliJ IDEA 2019.3\bin -Dfile.encoding=UTF-8 org.codehaus.classworlds.Launcher -Didea.version2019.3 verify

Host: Intel(R) Core(TM) i5-7300U CPU @ 2.60GHz, 4 cores, 7G,  Windows 10 , 64 bit Build 18362 (10.0.18362.329)
Time: Thu Feb 27 14:36:23 2020 Paris, Madrid elapsed time: 0 seconds (0d 0h 0m 0s)

---------------  T H R E A D  ---------------

Current thread (0x000001e9952ab000):  JavaThread "Unknown thread" [_thread_in_vm, id=3708, stack(0x0000004c7bb00000,0x0000004c7bc00000)]

Stack: [0x0000004c7bb00000,0x0000004c7bc00000]
Native frames: (J=compiled Java code, j=interpreted, Vv=VM code, C=native code)
V  [jvm.dll+0x5db21a]
V  [jvm.dll+0x70c4f5]
V  [jvm.dll+0x70da18]
V  [jvm.dll+0x70e0e3]
V  [jvm.dll+0x23de68]
V  [jvm.dll+0x5d8984]
V  [jvm.dll+0x5cda05]
V  [jvm.dll+0x2fa6bb]
V  [jvm.dll+0x2fa62a]
V  [jvm.dll+0x2fa502]
V  [jvm.dll+0x2ff3c6]
V  [jvm.dll+0x3478b3]
V  [jvm.dll+0x347fb6]
V  [jvm.dll+0x3479b3]
V  [jvm.dll+0x2d4f98]
V  [jvm.dll+0x2d6147]
V  [jvm.dll+0x6eb6e7]
V  [jvm.dll+0x6ecedc]
V  [jvm.dll+0x354fe9]
V  [jvm.dll+0x6d35ae]
V  [jvm.dll+0x3bd7e3]
V  [jvm.dll+0x3bfb81]
C  [java.exe+0x3763]
C  [java.exe+0x17a0c]
C  [KERNEL32.DLL+0x17bd4]
C  [ntdll.dll+0x6ced1]


---------------  P R O C E S S  ---------------

Threads class SMR info:
_java_thread_list=0x000001e993a073e0, length=0, elements={
}

Java Threads: ( => current thread )

Other Threads:
  0x000001e9952c2800 GCTaskThread "GC Thread#0" [stack: 0x0000004c7bc00000,0x0000004c7bd00000] [id=11892]
  0x000001e9952f2800 ConcurrentGCThread "G1 Main Marker" [stack: 0x0000004c7bd00000,0x0000004c7be00000] [id=3260]
  0x000001e9952f4000 ConcurrentGCThread "G1 Conc#0" [stack: 0x0000004c7be00000,0x0000004c7bf00000] [id=5208]

[error occurred during error reporting (printing all threads), id 0xc0000005, EXCEPTION_ACCESS_VIOLATION (0xc0000005) at pc=0x00007ffc068158a7]

VM state:not at safepoint (not fully initialized)

VM Mutex/Monitor currently owned by a thread:  ([mutex/lock_event])
[0x000001e9952a7c50] Heap_lock - owner thread: 0x000001e9952ab000

Heap address: 0x0000000081e00000, size: 2018 MB, Compressed Oops mode: Non-zero based: 0x0000000081e00000
Narrow klass base: 0x0000000000000000, Narrow klass shift: 0

GC Heap History (0 events):
No events

Deoptimization events (0 events):
No events

Classes redefined (0 events):
No events

Internal exceptions (0 events):
No events

Events (0 events):
No events


Dynamic libraries:
0x00007ff7e5750000 - 0x00007ff7e5797000 	C:\Program Files\JetBrains\IntelliJ IDEA 2019.3\jbr\bin\java.exe
0x00007ffc5f840000 - 0x00007ffc5fa30000 	C:\WINDOWS\SYSTEM32\ntdll.dll
0x00007ffc5e900000 - 0x00007ffc5e9b2000 	C:\WINDOWS\System32\KERNEL32.DLL
0x00007ffc5c800000 - 0x00007ffc5caa3000 	C:\WINDOWS\System32\KERNELBASE.dll
0x00007ffc5eac0000 - 0x00007ffc5ec54000 	C:\WINDOWS\System32\USER32.dll
0x00007ffc5c7d0000 - 0x00007ffc5c7f1000 	C:\WINDOWS\System32\win32u.dll
0x00007ffc5f670000 - 0x00007ffc5f696000 	C:\WINDOWS\System32\GDI32.dll
0x00007ffc5cbe0000 - 0x00007ffc5cd74000 	C:\WINDOWS\System32\gdi32full.dll
0x00007ffc5d850000 - 0x00007ffc5d8ee000 	C:\WINDOWS\System32\msvcp_win.dll
0x00007ffc5ce00000 - 0x00007ffc5cefa000 	C:\WINDOWS\System32\ucrtbase.dll
0x00007ffc38ea0000 - 0x00007ffc39125000 	C:\WINDOWS\WinSxS\amd64_microsoft.windows.common-controls_6595b64144ccf1df_6.0.18362.657_none_e6c5b579130e3898\COMCTL32.dll
0x00007ffc5df80000 - 0x00007ffc5e01e000 	C:\WINDOWS\System32\msvcrt.dll
0x00007ffc5e5c0000 - 0x00007ffc5e8f6000 	C:\WINDOWS\System32\combase.dll
0x00007ffc5de60000 - 0x00007ffc5df80000 	C:\WINDOWS\System32\RPCRT4.dll
0x00007ffc5d680000 - 0x00007ffc5d700000 	C:\WINDOWS\System32\bcryptPrimitives.dll
0x00007ffc5ec60000 - 0x00007ffc5ec8e000 	C:\WINDOWS\System32\IMM32.DLL
0x00007ffc2dfd0000 - 0x00007ffc2dfe7000 	C:\Program Files\JetBrains\IntelliJ IDEA 2019.3\jbr\bin\vcruntime140.dll
0x00007ffc20910000 - 0x00007ffc209ad000 	C:\Program Files\JetBrains\IntelliJ IDEA 2019.3\jbr\bin\msvcp140.dll
0x00007ffc06530000 - 0x00007ffc06fe8000 	C:\Program Files\JetBrains\IntelliJ IDEA 2019.3\jbr\bin\server\jvm.dll
0x00007ffc5e510000 - 0x00007ffc5e5b3000 	C:\WINDOWS\System32\ADVAPI32.dll
0x00007ffc5e470000 - 0x00007ffc5e507000 	C:\WINDOWS\System32\sechost.dll
0x00007ffc5eab0000 - 0x00007ffc5eab8000 	C:\WINDOWS\System32\PSAPI.DLL
0x00007ffc4c930000 - 0x00007ffc4c954000 	C:\WINDOWS\SYSTEM32\WINMM.dll
0x00007ffc2b580000 - 0x00007ffc2b589000 	C:\WINDOWS\SYSTEM32\WSOCK32.dll
0x00007ffc54630000 - 0x00007ffc5463a000 	C:\WINDOWS\SYSTEM32\VERSION.dll
0x00007ffc5e9c0000 - 0x00007ffc5ea2f000 	C:\WINDOWS\System32\WS2_32.dll
0x00007ffc4c7a0000 - 0x00007ffc4c7cd000 	C:\WINDOWS\SYSTEM32\WINMMBASE.dll
0x00007ffc5cdb0000 - 0x00007ffc5cdfa000 	C:\WINDOWS\System32\cfgmgr32.dll
0x00007ffc5c790000 - 0x00007ffc5c7a1000 	C:\WINDOWS\System32\kernel.appcore.dll
0x00007ffc54eb0000 - 0x00007ffc54ec1000 	C:\Program Files\JetBrains\IntelliJ IDEA 2019.3\jbr\bin\verify.dll
0x00007ffc57fd0000 - 0x00007ffc581c4000 	C:\WINDOWS\SYSTEM32\DBGHELP.DLL
0x00007ffc520e0000 - 0x00007ffc5210a000 	C:\WINDOWS\SYSTEM32\dbgcore.DLL
0x00007ffc53790000 - 0x00007ffc537b9000 	C:\Program Files\JetBrains\IntelliJ IDEA 2019.3\jbr\bin\java.dll
0x00007ffc4bd00000 - 0x00007ffc4bd34000 	C:\Program Files\JetBrains\IntelliJ IDEA 2019.3\jbr\bin\instrument.dll
0x00007ffc541d0000 - 0x00007ffc541e7000 	C:\Program Files\JetBrains\IntelliJ IDEA 2019.3\jbr\bin\zip.dll
0x00007ffc555f0000 - 0x00007ffc555fb000 	C:\Program Files\JetBrains\IntelliJ IDEA 2019.3\jbr\bin\jimage.dll

dbghelp: loaded successfully - version: 4.0.5 - missing functions: none
symbol engine: initialized successfully - sym options: 0x614 - pdb path: .;C:\Program Files\JetBrains\IntelliJ IDEA 2019.3\jbr\bin;C:\WINDOWS\SYSTEM32;C:\WINDOWS\WinSxS\amd64_microsoft.windows.common-controls_6595b64144ccf1df_6.0.18362.657_none_e6c5b579130e3898;C:\Program Files\JetBrains\IntelliJ IDEA 2019.3\jbr\bin\server

VM Arguments:
jvm_args: -Dmaven.multiModuleProjectDirectory=C:\Users\mcourrierdemere\Documents\ProjetEcole\projetEcole -Dmaven.home=C:\Program Files\JetBrains\IntelliJ IDEA 2019.3\plugins\maven\lib\maven3 -Dclassworlds.conf=C:\Program Files\JetBrains\IntelliJ IDEA 2019.3\plugins\maven\lib\maven3\bin\m2.conf -Dmaven.ext.class.path=C:\Program Files\JetBrains\IntelliJ IDEA 2019.3\plugins\maven\lib\maven-event-listener.jar -javaagent:C:\Program Files\JetBrains\IntelliJ IDEA 2019.3\lib\idea_rt.jar=51671:C:\Program Files\JetBrains\IntelliJ IDEA 2019.3\bin -Dfile.encoding=UTF-8 
java_command: org.codehaus.classworlds.Launcher -Didea.version2019.3 verify
java_class_path (initial): C:\Program Files\JetBrains\IntelliJ IDEA 2019.3\plugins\maven\lib\maven3\boot\plexus-classworlds-2.6.0.jar
Launcher Type: SUN_STANDARD

[Global flags]
     intx CICompilerCount                          = 3                                         {product} {ergonomic}
     uint ConcGCThreads                            = 1                                         {product} {ergonomic}
     uint G1ConcRefinementThreads                  = 4                                         {product} {ergonomic}
   size_t G1HeapRegionSize                         = 1048576                                   {product} {ergonomic}
    uintx GCDrainStackTargetSize                   = 64                                        {product} {ergonomic}
   size_t InitialHeapSize                          = 134217728                                 {product} {ergonomic}
   size_t MarkStackSize                            = 4194304                                   {product} {ergonomic}
   size_t MaxHeapSize                              = 2116026368                                {product} {ergonomic}
   size_t MinHeapDeltaBytes                        = 1048576                                   {product} {ergonomic}
    uintx NonNMethodCodeHeapSize                   = 5830092                                {pd product} {ergonomic}
    uintx NonProfiledCodeHeapSize                  = 122914074                              {pd product} {ergonomic}
    uintx ProfiledCodeHeapSize                     = 122914074                              {pd product} {ergonomic}
    uintx ReservedCodeCacheSize                    = 251658240                              {pd product} {ergonomic}
     bool SegmentedCodeCache                       = true                                      {product} {ergonomic}
     bool UseCompressedClassPointers               = true                                 {lp64_product} {ergonomic}
     bool UseCompressedOops                        = true                                 {lp64_product} {ergonomic}
     bool UseG1GC                                  = true                                      {product} {ergonomic}
     bool UseLargePagesIndividualAllocation        = false                                  {pd product} {ergonomic}

Logging:
Log output configuration:
 #0: stdout all=warning uptime,level,tags
 #1: stderr all=off uptime,level,tags

Environment Variables:
PATH=C:\Program Files (x86)\Common Files\Oracle\Java\javapath;C:\Program Files (x86)\Intel\iCLS Client\;C:\Program Files\Intel\iCLS Client\;C:\WINDOWS\system32;C:\WINDOWS;C:\WINDOWS\System32\Wbem;C:\WINDOWS\System32\WindowsPowerShell\v1.0\;c:\Program Files\Intel\WiFi\bin\;c:\Program Files\Common Files\Intel\WirelessCommon\;C:\Program Files (x86)\Intel\Intel(R) Management Engine Components\DAL;C:\Program Files\Intel\Intel(R) Management Engine Components\DAL;C:\Program Files (x86)\Intel\Intel(R) Management Engine Components\IPT;C:\Program Files\Intel\Intel(R) Management Engine Components\IPT;C:\WINDOWS\System32\OpenSSH\;C:\Program Files\Git\cmd;C:\Program Files\MySQL\MySQL Utilities 1.6\;C:\Program Files\nodejs\;C:\Users\mcourrierdemere\AppData\Local\Microsoft\WindowsApps;C:\Users\mcourrierdemere\AppData\Roaming\npm
USERNAME=mcourrierdemere
OS=Windows_NT
PROCESSOR_IDENTIFIER=Intel64 Family 6 Model 142 Stepping 9, GenuineIntel



---------------  S Y S T E M  ---------------

OS: Windows 10 , 64 bit Build 18362 (10.0.18362.329)

CPU:total 4 (initial active 4) (2 cores per cpu, 2 threads per core) family 6 model 142 stepping 9, cmov, cx8, fxsr, mmx, sse, sse2, sse3, ssse3, sse4.1, sse4.2, popcnt, avx, avx2, aes, clmul, erms, rtm, 3dnowpref, lzcnt, ht, tsc, tscinvbit, bmi1, bmi2, adx, fma

Memory: 4k page, system-wide physical 8071M (770M free)
TotalPageFile size 12157M (AvailPageFile size 72M)
current process WorkingSet (physical memory assigned to process): 10M, peak: 10M
current process commit charge ("private bytes"): 51M, peak: 179M

vm_info: OpenJDK 64-Bit Server VM (11.0.4+10-b520.11) for windows-amd64 JRE (11.0.4+10-b520.11), built on Nov 16 2019 04:35:14 by "" with MS VC++ 14.0 (VS2015)

END.
