#
# There is insufficient memory for the Java Runtime Environment to continue.
# Native memory allocation (mmap) failed to map 134217728 bytes for Failed to commit area from 0x0000000081e00000 to 0x0000000089e00000 of length 134217728.
# Possible reasons:
#   The system is out of physical RAM or swap space
#   The process is running with CompressedOops enabled, and the Java Heap may be blocking the growth of the native heap
# Possible solutions:
#   Reduce memory load on the system
#   Increase physical memory or swap space
#   Check if swap backing store is full
#   Decrease Java heap size (-Xmx/-Xms)
#   Decrease number of Java threads
#   Decrease Java thread stack sizes (-Xss)
#   Set larger code cache with -XX:ReservedCodeCacheSize=
# This output file may be truncated or incomplete.
#
#  Out of Memory Error (c:/BuildAgent/work/5ff2f6c26000d570/src/hotspot/os/windows/os_windows.cpp:3281), pid=19536, tid=2512
#
# JRE version:  (11.0.4+10) (build )
# Java VM: OpenJDK 64-Bit Server VM (11.0.4+10-b520.11, mixed mode, aot, sharing, tiered, compressed oops, g1 gc, windows-amd64)
# No core dump will be written. Minidumps are not enabled by default on client versions of Windows
#

---------------  S U M M A R Y ------------

Command Line: org.jetbrains.git4idea.http.GitAskPassApp Username for 'https://github.com': 

Host: Intel(R) Core(TM) i5-7300U CPU @ 2.60GHz, 4 cores, 7G,  Windows 10 , 64 bit Build 18362 (10.0.18362.329)
Time: Mon Feb 17 13:59:09 2020 Paris, Madrid elapsed time: 0 seconds (0d 0h 0m 0s)

---------------  T H R E A D  ---------------

Current thread (0x000001d8fd48a000):  JavaThread "Unknown thread" [_thread_in_vm, id=2512, stack(0x000000680d700000,0x000000680d800000)]

Stack: [0x000000680d700000,0x000000680d800000]
Native frames: (J=compiled Java code, j=interpreted, Vv=VM code, C=native code)
V  [jvm.dll+0x5db21a]
V  [jvm.dll+0x70c4f5]
V  [jvm.dll+0x70da18]
V  [jvm.dll+0x70e0e3]
V  [jvm.dll+0x23de68]
V  [jvm.dll+0x5d8984]
V  [jvm.dll+0x5cda05]
V  [jvm.dll+0x2fa6bb]
V  [jvm.dll+0x2fa62a]
V  [jvm.dll+0x2fa502]
V  [jvm.dll+0x2ff3c6]
V  [jvm.dll+0x3478b3]
V  [jvm.dll+0x347fb6]
V  [jvm.dll+0x3479b3]
V  [jvm.dll+0x2d4f98]
V  [jvm.dll+0x2d6147]
V  [jvm.dll+0x6eb6e7]
V  [jvm.dll+0x6ecedc]
V  [jvm.dll+0x354fe9]
V  [jvm.dll+0x6d35ae]
V  [jvm.dll+0x3bd7e3]
V  [jvm.dll+0x3bfb81]
C  [java.exe+0x3763]
C  [java.exe+0x17a0c]
C  [KERNEL32.DLL+0x17bd4]
C  [ntdll.dll+0x6ced1]


---------------  P R O C E S S  ---------------

Threads class SMR info:
_java_thread_list=0x000001d8fbbe7950, length=0, elements={
}

Java Threads: ( => current thread )

Other Threads:
  0x000001d8fd4a0000 GCTaskThread "GC Thread#0" [stack: 0x000000680d800000,0x000000680d900000] [id=4056]
  0x000001d8fd4ce800 ConcurrentGCThread "G1 Main Marker" [stack: 0x000000680d900000,0x000000680da00000] [id=12400]
  0x000001d8fd4d1000 ConcurrentGCThread "G1 Conc#0" [stack: 0x000000680da00000,0x000000680db00000] [id=5000]

[error occurred during error reporting (printing all threads), id 0xc0000005, EXCEPTION_ACCESS_VIOLATION (0xc0000005) at pc=0x00007ffe7bd358a7]

VM state:not at safepoint (not fully initialized)

VM Mutex/Monitor currently owned by a thread:  ([mutex/lock_event])
[0x000001d8fd485fa0] Heap_lock - owner thread: 0x000001d8fd48a000

Heap address: 0x0000000081e00000, size: 2018 MB, Compressed Oops mode: Non-zero based: 0x0000000081e00000
Narrow klass base: 0x0000000000000000, Narrow klass shift: 0

GC Heap History (0 events):
No events

Deoptimization events (0 events):
No events

Classes redefined (0 events):
No events

Internal exceptions (0 events):
No events

Events (0 events):
No events


Dynamic libraries:
0x00007ff64f150000 - 0x00007ff64f197000 	C:\Program Files\JetBrains\IntelliJ IDEA 2019.3\jbr\bin\java.exe
0x00007ffef2500000 - 0x00007ffef26f0000 	C:\WINDOWS\SYSTEM32\ntdll.dll
0x00007ffef05c0000 - 0x00007ffef0672000 	C:\WINDOWS\System32\KERNEL32.DLL
0x00007ffeef680000 - 0x00007ffeef923000 	C:\WINDOWS\System32\KERNELBASE.dll
0x00007ffef1b00000 - 0x00007ffef1c94000 	C:\WINDOWS\System32\USER32.dll
0x00007ffeefba0000 - 0x00007ffeefbc1000 	C:\WINDOWS\System32\win32u.dll
0x00007ffef11b0000 - 0x00007ffef11d6000 	C:\WINDOWS\System32\GDI32.dll
0x00007ffeefa00000 - 0x00007ffeefb94000 	C:\WINDOWS\System32\gdi32full.dll
0x00007ffeef490000 - 0x00007ffeef52e000 	C:\WINDOWS\System32\msvcp_win.dll
0x00007ffeef530000 - 0x00007ffeef62a000 	C:\WINDOWS\System32\ucrtbase.dll
0x00007ffecb4c0000 - 0x00007ffecb745000 	C:\WINDOWS\WinSxS\amd64_microsoft.windows.common-controls_6595b64144ccf1df_6.0.18362.592_none_e6c0b1911312be02\COMCTL32.dll
0x00007ffef0ec0000 - 0x00007ffef0f5e000 	C:\WINDOWS\System32\msvcrt.dll
0x00007ffef1ca0000 - 0x00007ffef1fd6000 	C:\WINDOWS\System32\combase.dll
0x00007ffef11e0000 - 0x00007ffef1300000 	C:\WINDOWS\System32\RPCRT4.dll
0x00007ffef0500000 - 0x00007ffef0580000 	C:\WINDOWS\System32\bcryptPrimitives.dll
0x00007ffef1040000 - 0x00007ffef106e000 	C:\WINDOWS\System32\IMM32.DLL
0x00007ffec0d10000 - 0x00007ffec0d27000 	C:\Program Files\JetBrains\IntelliJ IDEA 2019.3\jbr\bin\vcruntime140.dll
0x00007ffeaa900000 - 0x00007ffeaa99d000 	C:\Program Files\JetBrains\IntelliJ IDEA 2019.3\jbr\bin\msvcp140.dll
0x00007ffe7ba50000 - 0x00007ffe7c508000 	C:\Program Files\JetBrains\IntelliJ IDEA 2019.3\jbr\bin\server\jvm.dll
0x00007ffef2410000 - 0x00007ffef24b3000 	C:\WINDOWS\System32\ADVAPI32.dll
0x00007ffef0bf0000 - 0x00007ffef0c87000 	C:\WINDOWS\System32\sechost.dll
0x00007ffef05b0000 - 0x00007ffef05b8000 	C:\WINDOWS\System32\PSAPI.DLL
0x00007ffec0df0000 - 0x00007ffec0df9000 	C:\WINDOWS\SYSTEM32\WSOCK32.dll
0x00007ffee75e0000 - 0x00007ffee75ea000 	C:\WINDOWS\SYSTEM32\VERSION.dll
0x00007ffef0b00000 - 0x00007ffef0b6f000 	C:\WINDOWS\System32\WS2_32.dll
0x00007ffedf430000 - 0x00007ffedf454000 	C:\WINDOWS\SYSTEM32\WINMM.dll
0x00007ffedf280000 - 0x00007ffedf2ad000 	C:\WINDOWS\SYSTEM32\winmmbase.dll
0x00007ffeef630000 - 0x00007ffeef67a000 	C:\WINDOWS\System32\cfgmgr32.dll
0x00007ffeef3e0000 - 0x00007ffeef3f1000 	C:\WINDOWS\System32\kernel.appcore.dll
0x00007ffecbd70000 - 0x00007ffecbd81000 	C:\Program Files\JetBrains\IntelliJ IDEA 2019.3\jbr\bin\verify.dll
0x00007ffeeab50000 - 0x00007ffeead44000 	C:\WINDOWS\SYSTEM32\DBGHELP.DLL
0x00007ffee4d40000 - 0x00007ffee4d6a000 	C:\WINDOWS\SYSTEM32\dbgcore.DLL
0x00007ffec4680000 - 0x00007ffec46a9000 	C:\Program Files\JetBrains\IntelliJ IDEA 2019.3\jbr\bin\java.dll
0x00007ffecb210000 - 0x00007ffecb227000 	C:\Program Files\JetBrains\IntelliJ IDEA 2019.3\jbr\bin\zip.dll
0x00007ffee2ea0000 - 0x00007ffee2eab000 	C:\Program Files\JetBrains\IntelliJ IDEA 2019.3\jbr\bin\jimage.dll

dbghelp: loaded successfully - version: 4.0.5 - missing functions: none
symbol engine: initialized successfully - sym options: 0x614 - pdb path: .;C:\Program Files\JetBrains\IntelliJ IDEA 2019.3\jbr\bin;C:\WINDOWS\SYSTEM32;C:\WINDOWS\WinSxS\amd64_microsoft.windows.common-controls_6595b64144ccf1df_6.0.18362.592_none_e6c0b1911312be02;C:\Program Files\JetBrains\IntelliJ IDEA 2019.3\jbr\bin\server

VM Arguments:
java_command: org.jetbrains.git4idea.http.GitAskPassApp Username for 'https://github.com': 
java_class_path (initial): C:/Program Files/JetBrains/IntelliJ IDEA 2019.3/plugins/git4idea/lib/git4idea-rt.jar;C:/Program Files/JetBrains/IntelliJ IDEA 2019.3/lib/xmlrpc-2.0.1.jar;C:/Program Files/JetBrains/IntelliJ IDEA 2019.3/lib/commons-codec-1.13.jar;C:/Program Files/JetBrains/IntelliJ IDEA 2019.3/lib/util.jar
Launcher Type: SUN_STANDARD

[Global flags]
     intx CICompilerCount                          = 3                                         {product} {ergonomic}
     uint ConcGCThreads                            = 1                                         {product} {ergonomic}
     uint G1ConcRefinementThreads                  = 4                                         {product} {ergonomic}
   size_t G1HeapRegionSize                         = 1048576                                   {product} {ergonomic}
    uintx GCDrainStackTargetSize                   = 64                                        {product} {ergonomic}
   size_t InitialHeapSize                          = 134217728                                 {product} {ergonomic}
   size_t MarkStackSize                            = 4194304                                   {product} {ergonomic}
   size_t MaxHeapSize                              = 2116026368                                {product} {ergonomic}
   size_t MinHeapDeltaBytes                        = 1048576                                   {product} {ergonomic}
    uintx NonNMethodCodeHeapSize                   = 5830092                                {pd product} {ergonomic}
    uintx NonProfiledCodeHeapSize                  = 122914074                              {pd product} {ergonomic}
    uintx ProfiledCodeHeapSize                     = 122914074                              {pd product} {ergonomic}
    uintx ReservedCodeCacheSize                    = 251658240                              {pd product} {ergonomic}
     bool SegmentedCodeCache                       = true                                      {product} {ergonomic}
     bool UseCompressedClassPointers               = true                                 {lp64_product} {ergonomic}
     bool UseCompressedOops                        = true                                 {lp64_product} {ergonomic}
     bool UseG1GC                                  = true                                      {product} {ergonomic}
     bool UseLargePagesIndividualAllocation        = false                                  {pd product} {ergonomic}

Logging:
Log output configuration:
 #0: stdout all=warning uptime,level,tags
 #1: stderr all=off uptime,level,tags

Environment Variables:
PATH=C:/Program Files/Git/mingw64/libexec/git-core;C:/Program Files/Git/mingw64/libexec/git-core;C:\Program Files\Git\mingw64\bin;C:\Program Files\Git\usr\bin;C:\Users\mcourrierdemere\bin;C:\Program Files (x86)\Intel\iCLS Client\;C:\Program Files\Intel\iCLS Client\;C:\WINDOWS\system32;C:\WINDOWS;C:\WINDOWS\System32\Wbem;C:\WINDOWS\System32\WindowsPowerShell\v1.0\;c:\Program Files\Intel\WiFi\bin\;c:\Program Files\Common Files\Intel\WirelessCommon\;C:\Program Files (x86)\Intel\Intel(R) Management Engine Components\DAL;C:\Program Files\Intel\Intel(R) Management Engine Components\DAL;C:\Program Files (x86)\Intel\Intel(R) Management Engine Components\IPT;C:\Program Files\Intel\Intel(R) Management Engine Components\IPT;C:\WINDOWS\System32\OpenSSH\;C:\Program Files\Git\cmd;C:\Program Files\MySQL\MySQL Utilities 1.6\;C:\Program Files\nodejs\;C:\Users\mcourrierdemere\AppData\Local\Microsoft\WindowsApps;C:\Users\mcourrierdemere\AppData\Roaming\npm
USERNAME=mcourrierdemere
DISPLAY=:0.0
OS=Windows_NT
PROCESSOR_IDENTIFIER=Intel64 Family 6 Model 142 Stepping 9, GenuineIntel



---------------  S Y S T E M  ---------------

OS: Windows 10 , 64 bit Build 18362 (10.0.18362.329)

CPU:total 4 (initial active 4) (2 cores per cpu, 2 threads per core) family 6 model 142 stepping 9, cmov, cx8, fxsr, mmx, sse, sse2, sse3, ssse3, sse4.1, sse4.2, popcnt, avx, avx2, aes, clmul, erms, rtm, 3dnowpref, lzcnt, ht, tsc, tscinvbit, bmi1, bmi2, adx, fma

Memory: 4k page, system-wide physical 8071M (815M free)
TotalPageFile size 12167M (AvailPageFile size 31M)
current process WorkingSet (physical memory assigned to process): 9M, peak: 9M
current process commit charge ("private bytes"): 51M, peak: 179M

vm_info: OpenJDK 64-Bit Server VM (11.0.4+10-b520.11) for windows-amd64 JRE (11.0.4+10-b520.11), built on Nov 16 2019 04:35:14 by "" with MS VC++ 14.0 (VS2015)

END.
