#
# There is insufficient memory for the Java Runtime Environment to continue.
# Native memory allocation (mmap) failed to map 27262976 bytes for Failed to commit area from 0x0000000089e00000 to 0x000000008b800000 of length 27262976.
# Possible reasons:
#   The system is out of physical RAM or swap space
#   The process is running with CompressedOops enabled, and the Java Heap may be blocking the growth of the native heap
# Possible solutions:
#   Reduce memory load on the system
#   Increase physical memory or swap space
#   Check if swap backing store is full
#   Decrease Java heap size (-Xmx/-Xms)
#   Decrease number of Java threads
#   Decrease Java thread stack sizes (-Xss)
#   Set larger code cache with -XX:ReservedCodeCacheSize=
#   JVM is running with Unscaled Compressed Oops mode in which the Java heap is
#     placed in the first 4GB address space. The Java Heap base address is the
#     maximum limit for the native heap growth. Please use -XX:HeapBaseMinAddress
#     to set the Java Heap base and to place the Java Heap above 4GB virtual address.
# This output file may be truncated or incomplete.
#
#  Out of Memory Error (c:/BuildAgent/work/5ff2f6c26000d570/src/hotspot/os/windows/os_windows.cpp:3281), pid=6396, tid=13512
#
# JRE version: OpenJDK Runtime Environment (11.0.4+10) (build 11.0.4+10-b520.11)
# Java VM: OpenJDK 64-Bit Server VM (11.0.4+10-b520.11, mixed mode, sharing, tiered, compressed oops, g1 gc, windows-amd64)
# No core dump will be written. Minidumps are not enabled by default on client versions of Windows
#

---------------  S U M M A R Y ------------

Command Line: -XX:TieredStopAtLevel=1 -Xverify:none -Dspring.output.ansi.enabled=always -Dcom.sun.management.jmxremote -Dspring.jmx.enabled=true -Dspring.liveBeansView.mbeanDomain -Dspring.application.admin.enabled=true -javaagent:C:\Program Files\JetBrains\IntelliJ IDEA 2019.3\lib\idea_rt.jar=51689:C:\Program Files\JetBrains\IntelliJ IDEA 2019.3\bin -Dfile.encoding=UTF-8 ecole.projetEcole.ProjetEcoleApplication

Host: Intel(R) Core(TM) i5-7300U CPU @ 2.60GHz, 4 cores, 7G,  Windows 10 , 64 bit Build 18362 (10.0.18362.329)
Time: Thu Feb 27 14:36:42 2020 Paris, Madrid elapsed time: 3 seconds (0d 0h 0m 3s)

---------------  T H R E A D  ---------------

Current thread (0x00000189fea20800):  VMThread "VM Thread" [stack: 0x0000006df7800000,0x0000006df7900000] [id=13512]

Stack: [0x0000006df7800000,0x0000006df7900000]
[error occurred during error reporting (printing stack bounds), id 0xc0000005, EXCEPTION_ACCESS_VIOLATION (0xc0000005) at pc=0x00000189ee240bad]

Native frames: (J=compiled Java code, j=interpreted, Vv=VM code, C=native code)
V  [jvm.dll+0x5db21a]
V  [jvm.dll+0x70c4f5]
V  [jvm.dll+0x70da18]
V  [jvm.dll+0x70e045]
V  [jvm.dll+0x70dffb]
V  [jvm.dll+0x5da9a8]
V  [jvm.dll+0x5dae08]
C  [ntdll.dll+0xa121f]
C  [ntdll.dll+0x6a289]
C  [ntdll.dll+0x9fe8e]
C  0x00000189ee240bad

VM_Operation (0x0000006df71fc0a0): CollectForMetadataAllocation, mode: safepoint, requested by thread 0x00000189ea31b000


---------------  P R O C E S S  ---------------

Threads class SMR info:
_java_thread_list=0x00000189868e1010, length=14, elements={
0x00000189ea31b000, 0x00000189fea29800, 0x00000189fea2b000, 0x00000189fea46800,
0x00000189fea4a000, 0x00000189fea4c800, 0x00000189fea6e000, 0x00000189fea07800,
0x00000189ff7cd800, 0x00000189ff81a800, 0x00000189ff9fe000, 0x00000189ff9d6800,
0x00000189ffe69800, 0x0000018986b97000
}

Java Threads: ( => current thread )
  0x00000189ea31b000 JavaThread "main" [_thread_blocked, id=17112, stack(0x0000006df7100000,0x0000006df7200000)]
  0x00000189fea29800 JavaThread "Reference Handler" daemon [_thread_blocked, id=10280, stack(0x0000006df7900000,0x0000006df7a00000)]
  0x00000189fea2b000 JavaThread "Finalizer" daemon [_thread_blocked, id=2136, stack(0x0000006df7a00000,0x0000006df7b00000)]
  0x00000189fea46800 JavaThread "Signal Dispatcher" daemon [_thread_blocked, id=12780, stack(0x0000006df7b00000,0x0000006df7c00000)]
  0x00000189fea4a000 JavaThread "Attach Listener" daemon [_thread_blocked, id=9892, stack(0x0000006df7c00000,0x0000006df7d00000)]
  0x00000189fea4c800 JavaThread "C1 CompilerThread0" daemon [_thread_blocked, id=16132, stack(0x0000006df7d00000,0x0000006df7e00000)]
  0x00000189fea6e000 JavaThread "Sweeper thread" daemon [_thread_blocked, id=14124, stack(0x0000006df7e00000,0x0000006df7f00000)]
  0x00000189fea07800 JavaThread "Common-Cleaner" daemon [_thread_blocked, id=12268, stack(0x0000006df7f00000,0x0000006df8000000)]
  0x00000189ff7cd800 JavaThread "Monitor Ctrl-Break" daemon [_thread_in_native, id=13968, stack(0x0000006df8100000,0x0000006df8200000)]
  0x00000189ff81a800 JavaThread "Service Thread" daemon [_thread_blocked, id=13112, stack(0x0000006df8200000,0x0000006df8300000)]
  0x00000189ff9fe000 JavaThread "RMI TCP Accept-0" daemon [_thread_in_native, id=6260, stack(0x0000006df8300000,0x0000006df8400000)]
  0x00000189ff9d6800 JavaThread "RMI TCP Connection(1)-10.1.37.67" daemon [_thread_blocked, id=7432, stack(0x0000006df8800000,0x0000006df8900000)]
  0x00000189ffe69800 JavaThread "RMI Scheduler(0)" daemon [_thread_blocked, id=8228, stack(0x0000006df8900000,0x0000006df8a00000)]
  0x0000018986b97000 JavaThread "JMX server connection timeout 22" daemon [_thread_blocked, id=2740, stack(0x0000006df8700000,0x0000006df8800000)]

Other Threads:
=>0x00000189fea20800 VMThread "VM Thread" [stack: 0x0000006df7800000,0x0000006df7900000] [id=13512]
  0x00000189ff9da800 WatcherThread [stack: 0x0000006df8400000,0x0000006df8500000] [id=14792]
  0x00000189ea334800 GCTaskThread "GC Thread#0" [stack: 0x0000006df7300000,0x0000006df7400000] [id=13756]
  0x00000189ff9db800 GCTaskThread "GC Thread#1" [stack: 0x0000006df8500000,0x0000006df8600000] [id=13076]
  0x00000189ffa33000 GCTaskThread "GC Thread#2" [stack: 0x0000006df8600000,0x0000006df8700000] [id=10872]
  0x00000189fff1d000 GCTaskThread "GC Thread#3" [stack: 0x0000006df8a00000,0x0000006df8b00000] [id=10340]
  0x00000189ea363000 ConcurrentGCThread "G1 Main Marker" [stack: 0x0000006df7400000,0x0000006df7500000] [id=8436]
  0x00000189ea364800 ConcurrentGCThread "G1 Conc#0" [stack: 0x0000006df7500000,0x0000006df7600000] [id=13704]
  0x00000189fe8b6800 ConcurrentGCThread "G1 Refine#0" [stack: 0x0000006df7600000,0x0000006df7700000] [id=17080]
  0x00000189fe8b7800 ConcurrentGCThread "G1 Young RemSet Sampling" [stack: 0x0000006df7700000,0x0000006df7800000] [id=10604]

Threads with active compile tasks:

VM state:at safepoint (normal execution)

VM Mutex/Monitor currently owned by a thread:  ([mutex/lock_event])
[0x00000189ea3172b0] Threads_lock - owner thread: 0x00000189fea20800
[0x00000189ea317fa0] Heap_lock - owner thread: 0x00000189ea31b000

Heap address: 0x0000000081e00000, size: 2018 MB, Compressed Oops mode: 32-bit
Narrow klass base: 0x0000000800000000, Narrow klass shift: 3
Compressed class space size: 1073741824 Address: 0x0000000840000000

Heap:
 garbage-first heap   total 157696K, used 13064K [0x0000000081e00000, 0x0000000100000000)
  region size 1024K, 5 young (5120K), 5 survivors (5120K)
 Metaspace       used 20371K, capacity 21195K, committed 21296K, reserved 1067008K
  class space    used 2827K, capacity 3177K, committed 3200K, reserved 1048576K
Heap Regions: E=young(eden), S=young(survivor), O=old, HS=humongous(starts), HC=humongous(continues), CS=collection set, F=free, A=archive, TAMS=top-at-mark-start (previous, next)
|   0|0x0000000081e00000, 0x0000000081f00000, 0x0000000081f00000|100%|HS|  |TAMS 0x0000000081e00000, 0x0000000081f00000| Complete 
|   1|0x0000000081f00000, 0x0000000082000000, 0x0000000082000000|100%| O|  |TAMS 0x0000000081f00000, 0x0000000082000000| Untracked 
|   2|0x0000000082000000, 0x0000000082100000, 0x0000000082100000|100%| O|  |TAMS 0x0000000082000000, 0x0000000082100000| Untracked 
|   3|0x0000000082100000, 0x0000000082200000, 0x0000000082200000|100%| O|  |TAMS 0x0000000082100000, 0x0000000082200000| Untracked 
|   4|0x0000000082200000, 0x0000000082300000, 0x0000000082300000|100%| O|  |TAMS 0x0000000082200000, 0x0000000082300000| Untracked 
|   5|0x0000000082300000, 0x0000000082400000, 0x0000000082400000|100%| O|  |TAMS 0x0000000082300000, 0x0000000082400000| Untracked 
|   6|0x0000000082400000, 0x0000000082500000, 0x0000000082500000|100%| O|  |TAMS 0x0000000082400000, 0x0000000082500000| Untracked 
|   7|0x0000000082500000, 0x00000000825c2000, 0x0000000082600000| 75%| O|  |TAMS 0x0000000082500000, 0x00000000825c2000| Untracked 
|   8|0x0000000082600000, 0x0000000082600000, 0x0000000082700000|  0%| F|  |TAMS 0x0000000082600000, 0x0000000082600000| Untracked 
|   9|0x0000000082700000, 0x0000000082700000, 0x0000000082800000|  0%| F|  |TAMS 0x0000000082700000, 0x0000000082700000| Untracked 
|  10|0x0000000082800000, 0x0000000082800000, 0x0000000082900000|  0%| F|  |TAMS 0x0000000082800000, 0x0000000082800000| Untracked 
|  11|0x0000000082900000, 0x0000000082900000, 0x0000000082a00000|  0%| F|  |TAMS 0x0000000082900000, 0x0000000082900000| Untracked 
|  12|0x0000000082a00000, 0x0000000082a00000, 0x0000000082b00000|  0%| F|  |TAMS 0x0000000082a00000, 0x0000000082a00000| Untracked 
|  13|0x0000000082b00000, 0x0000000082b00000, 0x0000000082c00000|  0%| F|  |TAMS 0x0000000082b00000, 0x0000000082b00000| Untracked 
|  14|0x0000000082c00000, 0x0000000082c00000, 0x0000000082d00000|  0%| F|  |TAMS 0x0000000082c00000, 0x0000000082c00000| Untracked 
|  15|0x0000000082d00000, 0x0000000082d00000, 0x0000000082e00000|  0%| F|  |TAMS 0x0000000082d00000, 0x0000000082d00000| Untracked 
|  16|0x0000000082e00000, 0x0000000082e00000, 0x0000000082f00000|  0%| F|  |TAMS 0x0000000082e00000, 0x0000000082e00000| Untracked 
|  17|0x0000000082f00000, 0x0000000082f00000, 0x0000000083000000|  0%| F|  |TAMS 0x0000000082f00000, 0x0000000082f00000| Untracked 
|  18|0x0000000083000000, 0x0000000083000000, 0x0000000083100000|  0%| F|  |TAMS 0x0000000083000000, 0x0000000083000000| Untracked 
|  19|0x0000000083100000, 0x0000000083100000, 0x0000000083200000|  0%| F|  |TAMS 0x0000000083100000, 0x0000000083100000| Untracked 
|  20|0x0000000083200000, 0x0000000083200000, 0x0000000083300000|  0%| F|  |TAMS 0x0000000083200000, 0x0000000083200000| Untracked 
|  21|0x0000000083300000, 0x0000000083300000, 0x0000000083400000|  0%| F|  |TAMS 0x0000000083300000, 0x0000000083300000| Untracked 
|  22|0x0000000083400000, 0x0000000083400000, 0x0000000083500000|  0%| F|  |TAMS 0x0000000083400000, 0x0000000083400000| Untracked 
|  23|0x0000000083500000, 0x0000000083500000, 0x0000000083600000|  0%| F|  |TAMS 0x0000000083500000, 0x0000000083500000| Untracked 
|  24|0x0000000083600000, 0x0000000083600000, 0x0000000083700000|  0%| F|  |TAMS 0x0000000083600000, 0x0000000083600000| Untracked 
|  25|0x0000000083700000, 0x0000000083700000, 0x0000000083800000|  0%| F|  |TAMS 0x0000000083700000, 0x0000000083700000| Untracked 
|  26|0x0000000083800000, 0x0000000083800000, 0x0000000083900000|  0%| F|  |TAMS 0x0000000083800000, 0x0000000083800000| Untracked 
|  27|0x0000000083900000, 0x0000000083900000, 0x0000000083a00000|  0%| F|  |TAMS 0x0000000083900000, 0x0000000083900000| Untracked 
|  28|0x0000000083a00000, 0x0000000083a00000, 0x0000000083b00000|  0%| F|  |TAMS 0x0000000083a00000, 0x0000000083a00000| Untracked 
|  29|0x0000000083b00000, 0x0000000083b00000, 0x0000000083c00000|  0%| F|  |TAMS 0x0000000083b00000, 0x0000000083b00000| Untracked 
|  30|0x0000000083c00000, 0x0000000083c00000, 0x0000000083d00000|  0%| F|  |TAMS 0x0000000083c00000, 0x0000000083c00000| Untracked 
|  31|0x0000000083d00000, 0x0000000083d00000, 0x0000000083e00000|  0%| F|  |TAMS 0x0000000083d00000, 0x0000000083d00000| Untracked 
|  32|0x0000000083e00000, 0x0000000083e00000, 0x0000000083f00000|  0%| F|  |TAMS 0x0000000083e00000, 0x0000000083e00000| Untracked 
|  33|0x0000000083f00000, 0x0000000083f00000, 0x0000000084000000|  0%| F|  |TAMS 0x0000000083f00000, 0x0000000083f00000| Untracked 
|  34|0x0000000084000000, 0x0000000084000000, 0x0000000084100000|  0%| F|  |TAMS 0x0000000084000000, 0x0000000084000000| Untracked 
|  35|0x0000000084100000, 0x0000000084100000, 0x0000000084200000|  0%| F|  |TAMS 0x0000000084100000, 0x0000000084100000| Untracked 
|  36|0x0000000084200000, 0x0000000084200000, 0x0000000084300000|  0%| F|  |TAMS 0x0000000084200000, 0x0000000084200000| Untracked 
|  37|0x0000000084300000, 0x0000000084300000, 0x0000000084400000|  0%| F|  |TAMS 0x0000000084300000, 0x0000000084300000| Untracked 
|  38|0x0000000084400000, 0x0000000084400000, 0x0000000084500000|  0%| F|  |TAMS 0x0000000084400000, 0x0000000084400000| Untracked 
|  39|0x0000000084500000, 0x0000000084500000, 0x0000000084600000|  0%| F|  |TAMS 0x0000000084500000, 0x0000000084500000| Untracked 
|  40|0x0000000084600000, 0x0000000084600000, 0x0000000084700000|  0%| F|  |TAMS 0x0000000084600000, 0x0000000084600000| Untracked 
|  41|0x0000000084700000, 0x0000000084700000, 0x0000000084800000|  0%| F|  |TAMS 0x0000000084700000, 0x0000000084700000| Untracked 
|  42|0x0000000084800000, 0x0000000084800000, 0x0000000084900000|  0%| F|  |TAMS 0x0000000084800000, 0x0000000084800000| Untracked 
|  43|0x0000000084900000, 0x0000000084900000, 0x0000000084a00000|  0%| F|  |TAMS 0x0000000084900000, 0x0000000084900000| Untracked 
|  44|0x0000000084a00000, 0x0000000084a00000, 0x0000000084b00000|  0%| F|  |TAMS 0x0000000084a00000, 0x0000000084a00000| Untracked 
|  45|0x0000000084b00000, 0x0000000084b00000, 0x0000000084c00000|  0%| F|  |TAMS 0x0000000084b00000, 0x0000000084b00000| Untracked 
|  46|0x0000000084c00000, 0x0000000084c00000, 0x0000000084d00000|  0%| F|  |TAMS 0x0000000084c00000, 0x0000000084c00000| Untracked 
|  47|0x0000000084d00000, 0x0000000084d00000, 0x0000000084e00000|  0%| F|  |TAMS 0x0000000084d00000, 0x0000000084d00000| Untracked 
|  48|0x0000000084e00000, 0x0000000084e00000, 0x0000000084f00000|  0%| F|  |TAMS 0x0000000084e00000, 0x0000000084e00000| Untracked 
|  49|0x0000000084f00000, 0x0000000084f00000, 0x0000000085000000|  0%| F|  |TAMS 0x0000000084f00000, 0x0000000084f00000| Untracked 
|  50|0x0000000085000000, 0x0000000085000000, 0x0000000085100000|  0%| F|  |TAMS 0x0000000085000000, 0x0000000085000000| Untracked 
|  51|0x0000000085100000, 0x0000000085100000, 0x0000000085200000|  0%| F|  |TAMS 0x0000000085100000, 0x0000000085100000| Untracked 
|  52|0x0000000085200000, 0x0000000085200000, 0x0000000085300000|  0%| F|  |TAMS 0x0000000085200000, 0x0000000085200000| Untracked 
|  53|0x0000000085300000, 0x0000000085300000, 0x0000000085400000|  0%| F|  |TAMS 0x0000000085300000, 0x0000000085300000| Untracked 
|  54|0x0000000085400000, 0x0000000085400000, 0x0000000085500000|  0%| F|  |TAMS 0x0000000085400000, 0x0000000085400000| Untracked 
|  55|0x0000000085500000, 0x0000000085500000, 0x0000000085600000|  0%| F|  |TAMS 0x0000000085500000, 0x0000000085500000| Untracked 
|  56|0x0000000085600000, 0x0000000085600000, 0x0000000085700000|  0%| F|  |TAMS 0x0000000085600000, 0x0000000085600000| Untracked 
|  57|0x0000000085700000, 0x0000000085700000, 0x0000000085800000|  0%| F|  |TAMS 0x0000000085700000, 0x0000000085700000| Untracked 
|  58|0x0000000085800000, 0x0000000085800000, 0x0000000085900000|  0%| F|  |TAMS 0x0000000085800000, 0x0000000085800000| Untracked 
|  59|0x0000000085900000, 0x0000000085900000, 0x0000000085a00000|  0%| F|  |TAMS 0x0000000085900000, 0x0000000085900000| Untracked 
|  60|0x0000000085a00000, 0x0000000085a00000, 0x0000000085b00000|  0%| F|  |TAMS 0x0000000085a00000, 0x0000000085a00000| Untracked 
|  61|0x0000000085b00000, 0x0000000085b00000, 0x0000000085c00000|  0%| F|  |TAMS 0x0000000085b00000, 0x0000000085b00000| Untracked 
|  62|0x0000000085c00000, 0x0000000085c00000, 0x0000000085d00000|  0%| F|  |TAMS 0x0000000085c00000, 0x0000000085c00000| Untracked 
|  63|0x0000000085d00000, 0x0000000085d00000, 0x0000000085e00000|  0%| F|  |TAMS 0x0000000085d00000, 0x0000000085d00000| Untracked 
|  64|0x0000000085e00000, 0x0000000085e00000, 0x0000000085f00000|  0%| F|  |TAMS 0x0000000085e00000, 0x0000000085e00000| Untracked 
|  65|0x0000000085f00000, 0x0000000085f00000, 0x0000000086000000|  0%| F|  |TAMS 0x0000000085f00000, 0x0000000085f00000| Untracked 
|  66|0x0000000086000000, 0x0000000086000000, 0x0000000086100000|  0%| F|  |TAMS 0x0000000086000000, 0x0000000086000000| Untracked 
|  67|0x0000000086100000, 0x0000000086100000, 0x0000000086200000|  0%| F|  |TAMS 0x0000000086100000, 0x0000000086100000| Untracked 
|  68|0x0000000086200000, 0x0000000086200000, 0x0000000086300000|  0%| F|  |TAMS 0x0000000086200000, 0x0000000086200000| Untracked 
|  69|0x0000000086300000, 0x0000000086300000, 0x0000000086400000|  0%| F|  |TAMS 0x0000000086300000, 0x0000000086300000| Untracked 
|  70|0x0000000086400000, 0x0000000086400000, 0x0000000086500000|  0%| F|  |TAMS 0x0000000086400000, 0x0000000086400000| Untracked 
|  71|0x0000000086500000, 0x0000000086500000, 0x0000000086600000|  0%| F|  |TAMS 0x0000000086500000, 0x0000000086500000| Untracked 
|  72|0x0000000086600000, 0x0000000086600000, 0x0000000086700000|  0%| F|  |TAMS 0x0000000086600000, 0x0000000086600000| Untracked 
|  73|0x0000000086700000, 0x0000000086700000, 0x0000000086800000|  0%| F|  |TAMS 0x0000000086700000, 0x0000000086700000| Untracked 
|  74|0x0000000086800000, 0x0000000086800000, 0x0000000086900000|  0%| F|  |TAMS 0x0000000086800000, 0x0000000086800000| Untracked 
|  75|0x0000000086900000, 0x0000000086900000, 0x0000000086a00000|  0%| F|  |TAMS 0x0000000086900000, 0x0000000086900000| Untracked 
|  76|0x0000000086a00000, 0x0000000086a00000, 0x0000000086b00000|  0%| F|  |TAMS 0x0000000086a00000, 0x0000000086a00000| Untracked 
|  77|0x0000000086b00000, 0x0000000086b00000, 0x0000000086c00000|  0%| F|  |TAMS 0x0000000086b00000, 0x0000000086b00000| Untracked 
|  78|0x0000000086c00000, 0x0000000086c00000, 0x0000000086d00000|  0%| F|  |TAMS 0x0000000086c00000, 0x0000000086c00000| Untracked 
|  79|0x0000000086d00000, 0x0000000086d00000, 0x0000000086e00000|  0%| F|  |TAMS 0x0000000086d00000, 0x0000000086d00000| Untracked 
|  80|0x0000000086e00000, 0x0000000086e00000, 0x0000000086f00000|  0%| F|  |TAMS 0x0000000086e00000, 0x0000000086e00000| Untracked 
|  81|0x0000000086f00000, 0x0000000086f00000, 0x0000000087000000|  0%| F|  |TAMS 0x0000000086f00000, 0x0000000086f00000| Untracked 
|  82|0x0000000087000000, 0x0000000087000000, 0x0000000087100000|  0%| F|  |TAMS 0x0000000087000000, 0x0000000087000000| Untracked 
|  83|0x0000000087100000, 0x0000000087100000, 0x0000000087200000|  0%| F|  |TAMS 0x0000000087100000, 0x0000000087100000| Untracked 
|  84|0x0000000087200000, 0x0000000087200000, 0x0000000087300000|  0%| F|  |TAMS 0x0000000087200000, 0x0000000087200000| Untracked 
|  85|0x0000000087300000, 0x0000000087300000, 0x0000000087400000|  0%| F|  |TAMS 0x0000000087300000, 0x0000000087300000| Untracked 
|  86|0x0000000087400000, 0x0000000087400000, 0x0000000087500000|  0%| F|  |TAMS 0x0000000087400000, 0x0000000087400000| Untracked 
|  87|0x0000000087500000, 0x0000000087500000, 0x0000000087600000|  0%| F|  |TAMS 0x0000000087500000, 0x0000000087500000| Untracked 
|  88|0x0000000087600000, 0x0000000087600000, 0x0000000087700000|  0%| F|  |TAMS 0x0000000087600000, 0x0000000087600000| Untracked 
|  89|0x0000000087700000, 0x0000000087700000, 0x0000000087800000|  0%| F|  |TAMS 0x0000000087700000, 0x0000000087700000| Untracked 
|  90|0x0000000087800000, 0x0000000087800000, 0x0000000087900000|  0%| F|  |TAMS 0x0000000087800000, 0x0000000087800000| Untracked 
|  91|0x0000000087900000, 0x0000000087900000, 0x0000000087a00000|  0%| F|  |TAMS 0x0000000087900000, 0x0000000087900000| Untracked 
|  92|0x0000000087a00000, 0x0000000087a00000, 0x0000000087b00000|  0%| F|  |TAMS 0x0000000087a00000, 0x0000000087a00000| Untracked 
|  93|0x0000000087b00000, 0x0000000087b00000, 0x0000000087c00000|  0%| F|  |TAMS 0x0000000087b00000, 0x0000000087b00000| Untracked 
|  94|0x0000000087c00000, 0x0000000087c00000, 0x0000000087d00000|  0%| F|  |TAMS 0x0000000087c00000, 0x0000000087c00000| Untracked 
|  95|0x0000000087d00000, 0x0000000087d00000, 0x0000000087e00000|  0%| F|  |TAMS 0x0000000087d00000, 0x0000000087d00000| Untracked 
|  96|0x0000000087e00000, 0x0000000087e00000, 0x0000000087f00000|  0%| F|  |TAMS 0x0000000087e00000, 0x0000000087e00000| Untracked 
|  97|0x0000000087f00000, 0x0000000087f00000, 0x0000000088000000|  0%| F|  |TAMS 0x0000000087f00000, 0x0000000087f00000| Untracked 
|  98|0x0000000088000000, 0x0000000088000000, 0x0000000088100000|  0%| F|  |TAMS 0x0000000088000000, 0x0000000088000000| Untracked 
|  99|0x0000000088100000, 0x0000000088100000, 0x0000000088200000|  0%| F|  |TAMS 0x0000000088100000, 0x0000000088100000| Untracked 
| 100|0x0000000088200000, 0x0000000088200000, 0x0000000088300000|  0%| F|  |TAMS 0x0000000088200000, 0x0000000088200000| Untracked 
| 101|0x0000000088300000, 0x0000000088300000, 0x0000000088400000|  0%| F|  |TAMS 0x0000000088300000, 0x0000000088300000| Untracked 
| 102|0x0000000088400000, 0x0000000088400000, 0x0000000088500000|  0%| F|  |TAMS 0x0000000088400000, 0x0000000088400000| Untracked 
| 103|0x0000000088500000, 0x0000000088500000, 0x0000000088600000|  0%| F|  |TAMS 0x0000000088500000, 0x0000000088500000| Untracked 
| 104|0x0000000088600000, 0x0000000088600000, 0x0000000088700000|  0%| F|  |TAMS 0x0000000088600000, 0x0000000088600000| Untracked 
| 105|0x0000000088700000, 0x0000000088700000, 0x0000000088800000|  0%| F|  |TAMS 0x0000000088700000, 0x0000000088700000| Untracked 
| 106|0x0000000088800000, 0x0000000088800000, 0x0000000088900000|  0%| F|  |TAMS 0x0000000088800000, 0x0000000088800000| Untracked 
| 107|0x0000000088900000, 0x0000000088900000, 0x0000000088a00000|  0%| F|  |TAMS 0x0000000088900000, 0x0000000088900000| Untracked 
| 108|0x0000000088a00000, 0x0000000088a00000, 0x0000000088b00000|  0%| F|  |TAMS 0x0000000088a00000, 0x0000000088a00000| Untracked 
| 109|0x0000000088b00000, 0x0000000088b00000, 0x0000000088c00000|  0%| F|  |TAMS 0x0000000088b00000, 0x0000000088b00000| Untracked 
| 110|0x0000000088c00000, 0x0000000088d00000, 0x0000000088d00000|100%| S|CS|TAMS 0x0000000088c00000, 0x0000000088c00000| Complete 
| 111|0x0000000088d00000, 0x0000000088e00000, 0x0000000088e00000|100%| S|CS|TAMS 0x0000000088d00000, 0x0000000088d00000| Complete 
| 112|0x0000000088e00000, 0x0000000088f00000, 0x0000000088f00000|100%| S|CS|TAMS 0x0000000088e00000, 0x0000000088e00000| Complete 
| 113|0x0000000088f00000, 0x0000000089000000, 0x0000000089000000|100%| S|CS|TAMS 0x0000000088f00000, 0x0000000088f00000| Complete 
| 114|0x0000000089000000, 0x0000000089100000, 0x0000000089100000|100%| S|CS|TAMS 0x0000000089000000, 0x0000000089000000| Complete 
| 115|0x0000000089100000, 0x0000000089100000, 0x0000000089200000|  0%| F|  |TAMS 0x0000000089100000, 0x0000000089100000| Untracked 
| 116|0x0000000089200000, 0x0000000089200000, 0x0000000089300000|  0%| F|  |TAMS 0x0000000089200000, 0x0000000089200000| Untracked 
| 117|0x0000000089300000, 0x0000000089300000, 0x0000000089400000|  0%| F|  |TAMS 0x0000000089300000, 0x0000000089300000| Untracked 
| 118|0x0000000089400000, 0x0000000089400000, 0x0000000089500000|  0%| F|  |TAMS 0x0000000089400000, 0x0000000089400000| Untracked 
| 119|0x0000000089500000, 0x0000000089500000, 0x0000000089600000|  0%| F|  |TAMS 0x0000000089500000, 0x0000000089500000| Untracked 
| 120|0x0000000089600000, 0x0000000089600000, 0x0000000089700000|  0%| F|  |TAMS 0x0000000089600000, 0x0000000089600000| Untracked 
| 121|0x0000000089700000, 0x0000000089700000, 0x0000000089800000|  0%| F|  |TAMS 0x0000000089700000, 0x0000000089700000| Untracked 
| 122|0x0000000089800000, 0x0000000089800000, 0x0000000089900000|  0%| F|  |TAMS 0x0000000089800000, 0x0000000089800000| Untracked 
| 123|0x0000000089900000, 0x0000000089900000, 0x0000000089a00000|  0%| F|  |TAMS 0x0000000089900000, 0x0000000089900000| Untracked 
| 124|0x0000000089a00000, 0x0000000089a00000, 0x0000000089b00000|  0%| F|  |TAMS 0x0000000089a00000, 0x0000000089a00000| Untracked 
| 125|0x0000000089b00000, 0x0000000089b00000, 0x0000000089c00000|  0%| F|  |TAMS 0x0000000089b00000, 0x0000000089b00000| Untracked 
| 126|0x0000000089c00000, 0x0000000089c00000, 0x0000000089d00000|  0%| F|  |TAMS 0x0000000089c00000, 0x0000000089c00000| Untracked 
| 127|0x0000000089d00000, 0x0000000089d00000, 0x0000000089e00000|  0%| F|  |TAMS 0x0000000089d00000, 0x0000000089d00000| Untracked 

Card table byte_map: [0x00000189fdc60000,0x00000189fe060000] _byte_map_base: 0x00000189fd851000

Marking Bits (Prev, Next): (CMBitMap*) 0x00000189ea35a568, (CMBitMap*) 0x00000189ea35a5a0
 Prev Bits: [0x0000018980000000, 0x0000018981f88000)
 Next Bits: [0x0000018981f90000, 0x0000018983f18000)

Polling page: 0x00000189e89f0000

Metaspace:

Usage:
  Non-class:     17.60 MB capacity,    17.13 MB ( 97%) used,   383.71 KB (  2%) free+waste,    90.19 KB ( <1%) overhead. 
      Class:      3.10 MB capacity,     2.76 MB ( 89%) used,   301.54 KB (  9%) free+waste,    47.94 KB (  2%) overhead. 
       Both:     20.70 MB capacity,    19.89 MB ( 96%) used,   685.25 KB (  3%) free+waste,   138.13 KB ( <1%) overhead. 

Virtual space:
  Non-class space:       18.00 MB reserved,      17.67 MB ( 98%) committed 
      Class space:        1.00 GB reserved,       3.13 MB ( <1%) committed 
             Both:        1.02 GB reserved,      20.80 MB (  2%) committed 

Chunk freelists:
   Non-Class:  30.00 KB
       Class:  0 bytes
        Both:  30.00 KB

CodeHeap 'non-profiled nmethods': size=238912Kb used=4655Kb max_used=4655Kb free=234256Kb
 bounds [0x00000189ee8f0000, 0x00000189eed80000, 0x00000189fd240000]
CodeHeap 'non-nmethods': size=6848Kb used=1181Kb max_used=1181Kb free=5666Kb
 bounds [0x00000189ee240000, 0x00000189ee4b0000, 0x00000189ee8f0000]
 total_blobs=3474 nmethods=2947 adapters=436
 compilation: enabled
              stopped_count=0, restarted_count=0
 full_count=0

Compilation events (10 events):
Event: 3.094 Thread 0x00000189fea4c800 2943       1       java.lang.reflect.ProxyGenerator::getMethodDescriptor (37 bytes)
Event: 3.095 Thread 0x00000189fea4c800 nmethod 2943 0x00000189eed79290 code [0x00000189eed794a0, 0x00000189eed79870]
Event: 3.095 Thread 0x00000189fea4c800 2944       1       java.lang.reflect.ProxyGenerator$ConstantPool::getInterfaceMethodRef (33 bytes)
Event: 3.095 Thread 0x00000189fea4c800 nmethod 2944 0x00000189eed79a10 code [0x00000189eed79c40, 0x00000189eed7a270]
Event: 3.095 Thread 0x00000189fea4c800 2945       1       org.springframework.core.annotation.AttributeMethods$$Lambda$91/0x00000008400c5440::compare (12 bytes)
Event: 3.096 Thread 0x00000189fea4c800 nmethod 2945 0x00000189eed7a510 code [0x00000189eed7a6e0, 0x00000189eed7a910]
Event: 3.110 Thread 0x00000189fea4c800 2946       1       java.lang.invoke.MethodHandles$Lookup::resolveOrFail (48 bytes)
Event: 3.111 Thread 0x00000189fea4c800 nmethod 2946 0x00000189eed7aa90 code [0x00000189eed7acc0, 0x00000189eed7b200]
Event: 3.111 Thread 0x00000189fea4c800 2947       1       java.lang.invoke.MethodHandles$Lookup::checkMethodName (43 bytes)
Event: 3.112 Thread 0x00000189fea4c800 nmethod 2947 0x00000189eed7b490 code [0x00000189eed7b6a0, 0x00000189eed7bb50]

GC Heap History (10 events):
Event: 1.249 GC heap after
{Heap after GC invocations=1 (full 0):
 garbage-first heap   total 131072K, used 7371K [0x0000000081e00000, 0x0000000100000000)
  region size 1024K, 2 young (2048K), 2 survivors (2048K)
 Metaspace       used 4895K, capacity 5427K, committed 5632K, reserved 1056768K
  class space    used 608K, capacity 733K, committed 768K, reserved 1048576K
}
Event: 1.461 GC heap before
{Heap before GC invocations=1 (full 0):
 garbage-first heap   total 131072K, used 15563K [0x0000000081e00000, 0x0000000100000000)
  region size 1024K, 10 young (10240K), 2 survivors (2048K)
 Metaspace       used 6337K, capacity 6691K, committed 6912K, reserved 1056768K
  class space    used 789K, capacity 919K, committed 1024K, reserved 1048576K
}
Event: 1.465 GC heap after
{Heap after GC invocations=2 (full 0):
 garbage-first heap   total 131072K, used 8051K [0x0000000081e00000, 0x0000000100000000)
  region size 1024K, 1 young (1024K), 1 survivors (1024K)
 Metaspace       used 6337K, capacity 6691K, committed 6912K, reserved 1056768K
  class space    used 789K, capacity 919K, committed 1024K, reserved 1048576K
}
Event: 1.830 GC heap before
{Heap before GC invocations=2 (full 0):
 garbage-first heap   total 131072K, used 36723K [0x0000000081e00000, 0x0000000100000000)
  region size 1024K, 29 young (29696K), 1 survivors (1024K)
 Metaspace       used 11593K, capacity 12306K, committed 12416K, reserved 1060864K
  class space    used 1643K, capacity 1919K, committed 1920K, reserved 1048576K
}
Event: 1.835 GC heap after
{Heap after GC invocations=3 (full 0):
 garbage-first heap   total 131072K, used 9753K [0x0000000081e00000, 0x0000000100000000)
  region size 1024K, 3 young (3072K), 3 survivors (3072K)
 Metaspace       used 11593K, capacity 12306K, committed 12416K, reserved 1060864K
  class space    used 1643K, capacity 1919K, committed 1920K, reserved 1048576K
}
Event: 2.528 GC heap before
{Heap before GC invocations=3 (full 0):
 garbage-first heap   total 131072K, used 49689K [0x0000000081e00000, 0x0000000100000000)
  region size 1024K, 42 young (43008K), 3 survivors (3072K)
 Metaspace       used 17657K, capacity 18450K, committed 18688K, reserved 1064960K
  class space    used 2457K, capacity 2780K, committed 2816K, reserved 1048576K
}
Event: 2.534 GC heap after
{Heap after GC invocations=4 (full 0):
 garbage-first heap   total 131072K, used 11468K [0x0000000081e00000, 0x0000000100000000)
  region size 1024K, 5 young (5120K), 5 survivors (5120K)
 Metaspace       used 17657K, capacity 18450K, committed 18688K, reserved 1064960K
  class space    used 2457K, capacity 2780K, committed 2816K, reserved 1048576K
}
Event: 2.897 GC heap before
{Heap before GC invocations=4 (full 0):
 garbage-first heap   total 131072K, used 66764K [0x0000000081e00000, 0x0000000100000000)
  region size 1024K, 60 young (61440K), 5 survivors (5120K)
 Metaspace       used 18918K, capacity 19752K, committed 19968K, reserved 1067008K
  class space    used 2625K, capacity 2976K, committed 3072K, reserved 1048576K
}
Event: 2.905 GC heap after
{Heap after GC invocations=5 (full 0):
 garbage-first heap   total 131072K, used 12277K [0x0000000081e00000, 0x0000000100000000)
  region size 1024K, 5 young (5120K), 5 survivors (5120K)
 Metaspace       used 18918K, capacity 19752K, committed 19968K, reserved 1067008K
  class space    used 2625K, capacity 2976K, committed 3072K, reserved 1048576K
}
Event: 3.115 GC heap before
{Heap before GC invocations=5 (full 0):
 garbage-first heap   total 131072K, used 24565K [0x0000000081e00000, 0x0000000100000000)
  region size 1024K, 18 young (18432K), 5 survivors (5120K)
 Metaspace       used 20371K, capacity 21195K, committed 21296K, reserved 1067008K
  class space    used 2827K, capacity 3177K, committed 3200K, reserved 1048576K
}

Deoptimization events (0 events):
No events

Classes redefined (0 events):
No events

Internal exceptions (10 events):
Event: 2.136 Thread 0x00000189ea31b000 Exception <a 'java/lang/ClassNotFoundException'{0x00000000888a0d68}: org/springframework/beans/factory/AwareCustomizer> (0x00000000888a0d68) thrown at [c:/BuildAgent/work/5ff2f6c26000d570/src/hotspot/share/classfile/systemDictionary.cpp, line 231]
Event: 2.283 Thread 0x00000189ffe4d800 Exception <a 'java/lang/NoSuchMethodError'{0x0000000087bacb50}: 'long java.lang.invoke.DirectMethodHandle$Holder.invokeSpecial(java.lang.Object, java.lang.Object)'> (0x0000000087bacb50) thrown at [c:/BuildAgent/work/5ff2f6c26000d570/src/hotspot/share/inte
Event: 2.288 Thread 0x00000189ffe4d800 Exception <a 'java/lang/NoSuchMethodError'{0x0000000087bdefe0}: 'long java.lang.invoke.DirectMethodHandle$Holder.invokeStatic(java.lang.Object, java.lang.Object)'> (0x0000000087bdefe0) thrown at [c:/BuildAgent/work/5ff2f6c26000d570/src/hotspot/share/inter
Event: 2.289 Thread 0x00000189ffe4d800 Exception <a 'java/lang/NoSuchMethodError'{0x0000000087be1e08}: 'long java.lang.invoke.DirectMethodHandle$Holder.invokeStaticInit(java.lang.Object, java.lang.Object)'> (0x0000000087be1e08) thrown at [c:/BuildAgent/work/5ff2f6c26000d570/src/hotspot/share/i
Event: 2.293 Thread 0x00000189ffe4d800 Exception <a 'java/lang/NoSuchMethodError'{0x0000000087a0cdf8}: 'long java.lang.invoke.DirectMethodHandle$Holder.invokeInterface(java.lang.Object, java.lang.Object)'> (0x0000000087a0cdf8) thrown at [c:/BuildAgent/work/5ff2f6c26000d570/src/hotspot/share/in
Event: 2.293 Thread 0x00000189ffe4d800 Exception <a 'java/lang/IncompatibleClassChangeError'{0x0000000087a0fb90}: Found class java.lang.Object, but interface was expected> (0x0000000087a0fb90) thrown at [c:/BuildAgent/work/5ff2f6c26000d570/src/hotspot/share/interpreter/linkResolver.cpp, line 8
Event: 2.307 Thread 0x00000189ffe4d800 Exception <a 'java/lang/NoSuchMethodError'{0x0000000087aa79b8}: 'java.lang.Object java.lang.invoke.DirectMethodHandle$Holder.invokeVirtual(java.lang.Object, java.lang.Object, java.lang.Object, java.lang.Object)'> (0x0000000087aa79b8) thrown at [c:/BuildAg
Event: 2.609 Thread 0x00000189ea31b000 Exception <a 'java/lang/IncompatibleClassChangeError'{0x000000008795ab88}: Found class java.lang.Object, but interface was expected> (0x000000008795ab88) thrown at [c:/BuildAgent/work/5ff2f6c26000d570/src/hotspot/share/interpreter/linkResolver.cpp, line 8
Event: 2.610 Thread 0x00000189ff9d6800 Exception <a 'java/lang/reflect/InvocationTargetException'{0x0000000087989f20}> (0x0000000087989f20) thrown at [c:/BuildAgent/work/5ff2f6c26000d570/src/hotspot/share/runtime/reflection.cpp, line 1246]
Event: 2.633 Thread 0x00000189ea31b000 Exception <a 'java/lang/NoSuchMethodError'{0x00000000878ccd50}: 'void java.lang.invoke.DirectMethodHandle$Holder.invokeInterface(java.lang.Object, java.lang.Object, java.lang.Object, java.lang.Object)'> (0x00000000878ccd50) thrown at [c:/BuildAgent/work/5

Events (10 events):
Event: 3.113 loading class org/springframework/data/repository/config/RepositoryComponentProvider
Event: 3.113 loading class org/springframework/data/repository/config/RepositoryComponentProvider done
Event: 3.113 loading class org/springframework/data/repository/config/RepositoryComponentProvider
Event: 3.113 loading class org/springframework/data/repository/config/RepositoryComponentProvider done
Event: 3.113 loading class org/springframework/data/repository/config/RepositoryConfigurationSourceSupport
Event: 3.113 loading class org/springframework/data/repository/config/RepositoryConfigurationSourceSupport done
Event: 3.114 loading class org/springframework/beans/factory/support/ConstructorResolver
Event: 3.114 loading class org/springframework/beans/factory/support/ConstructorResolver done
Event: 3.114 Thread 0x0000018986b97000 Thread added: 0x0000018986b97000
Event: 3.115 Executing VM operation: CollectForMetadataAllocation


Dynamic libraries:
0x00007ff7e5750000 - 0x00007ff7e5797000 	C:\Program Files\JetBrains\IntelliJ IDEA 2019.3\jbr\bin\java.exe
0x00007ffc5f840000 - 0x00007ffc5fa30000 	C:\WINDOWS\SYSTEM32\ntdll.dll
0x00007ffc5e900000 - 0x00007ffc5e9b2000 	C:\WINDOWS\System32\KERNEL32.DLL
0x00007ffc5c800000 - 0x00007ffc5caa3000 	C:\WINDOWS\System32\KERNELBASE.dll
0x00007ffc5eac0000 - 0x00007ffc5ec54000 	C:\WINDOWS\System32\USER32.dll
0x00007ffc5c7d0000 - 0x00007ffc5c7f1000 	C:\WINDOWS\System32\win32u.dll
0x00007ffc5f670000 - 0x00007ffc5f696000 	C:\WINDOWS\System32\GDI32.dll
0x00007ffc5cbe0000 - 0x00007ffc5cd74000 	C:\WINDOWS\System32\gdi32full.dll
0x00007ffc5d850000 - 0x00007ffc5d8ee000 	C:\WINDOWS\System32\msvcp_win.dll
0x00007ffc5ce00000 - 0x00007ffc5cefa000 	C:\WINDOWS\System32\ucrtbase.dll
0x00007ffc38ea0000 - 0x00007ffc39125000 	C:\WINDOWS\WinSxS\amd64_microsoft.windows.common-controls_6595b64144ccf1df_6.0.18362.657_none_e6c5b579130e3898\COMCTL32.dll
0x00007ffc5df80000 - 0x00007ffc5e01e000 	C:\WINDOWS\System32\msvcrt.dll
0x00007ffc5e5c0000 - 0x00007ffc5e8f6000 	C:\WINDOWS\System32\combase.dll
0x00007ffc5de60000 - 0x00007ffc5df80000 	C:\WINDOWS\System32\RPCRT4.dll
0x00007ffc5d680000 - 0x00007ffc5d700000 	C:\WINDOWS\System32\bcryptPrimitives.dll
0x00007ffc5ec60000 - 0x00007ffc5ec8e000 	C:\WINDOWS\System32\IMM32.DLL
0x00007ffc2dfd0000 - 0x00007ffc2dfe7000 	C:\Program Files\JetBrains\IntelliJ IDEA 2019.3\jbr\bin\vcruntime140.dll
0x00007ffc20910000 - 0x00007ffc209ad000 	C:\Program Files\JetBrains\IntelliJ IDEA 2019.3\jbr\bin\msvcp140.dll
0x00007ffc06530000 - 0x00007ffc06fe8000 	C:\Program Files\JetBrains\IntelliJ IDEA 2019.3\jbr\bin\server\jvm.dll
0x00007ffc5e510000 - 0x00007ffc5e5b3000 	C:\WINDOWS\System32\ADVAPI32.dll
0x00007ffc5e470000 - 0x00007ffc5e507000 	C:\WINDOWS\System32\sechost.dll
0x00007ffc5eab0000 - 0x00007ffc5eab8000 	C:\WINDOWS\System32\PSAPI.DLL
0x00007ffc2b580000 - 0x00007ffc2b589000 	C:\WINDOWS\SYSTEM32\WSOCK32.dll
0x00007ffc5e9c0000 - 0x00007ffc5ea2f000 	C:\WINDOWS\System32\WS2_32.dll
0x00007ffc4c930000 - 0x00007ffc4c954000 	C:\WINDOWS\SYSTEM32\WINMM.dll
0x00007ffc54630000 - 0x00007ffc5463a000 	C:\WINDOWS\SYSTEM32\VERSION.dll
0x00007ffc4c7a0000 - 0x00007ffc4c7cd000 	C:\WINDOWS\SYSTEM32\WINMMBASE.dll
0x00007ffc5cdb0000 - 0x00007ffc5cdfa000 	C:\WINDOWS\System32\cfgmgr32.dll
0x00007ffc5c790000 - 0x00007ffc5c7a1000 	C:\WINDOWS\System32\kernel.appcore.dll
0x00007ffc54eb0000 - 0x00007ffc54ec1000 	C:\Program Files\JetBrains\IntelliJ IDEA 2019.3\jbr\bin\verify.dll
0x00007ffc57fd0000 - 0x00007ffc581c4000 	C:\WINDOWS\SYSTEM32\DBGHELP.DLL
0x00007ffc520e0000 - 0x00007ffc5210a000 	C:\WINDOWS\SYSTEM32\dbgcore.DLL
0x00007ffc53790000 - 0x00007ffc537b9000 	C:\Program Files\JetBrains\IntelliJ IDEA 2019.3\jbr\bin\java.dll
0x00007ffc4bd70000 - 0x00007ffc4bda4000 	C:\Program Files\JetBrains\IntelliJ IDEA 2019.3\jbr\bin\instrument.dll
0x00007ffc541d0000 - 0x00007ffc541e7000 	C:\Program Files\JetBrains\IntelliJ IDEA 2019.3\jbr\bin\zip.dll
0x00007ffc555f0000 - 0x00007ffc555fb000 	C:\Program Files\JetBrains\IntelliJ IDEA 2019.3\jbr\bin\jimage.dll
0x00007ffc5ef20000 - 0x00007ffc5f605000 	C:\WINDOWS\System32\SHELL32.dll
0x00007ffc5e200000 - 0x00007ffc5e2a9000 	C:\WINDOWS\System32\shcore.dll
0x00007ffc5cf00000 - 0x00007ffc5d67f000 	C:\WINDOWS\System32\windows.storage.dll
0x00007ffc5c770000 - 0x00007ffc5c78f000 	C:\WINDOWS\System32\profapi.dll
0x00007ffc5c720000 - 0x00007ffc5c76a000 	C:\WINDOWS\System32\powrprof.dll
0x00007ffc5c710000 - 0x00007ffc5c720000 	C:\WINDOWS\System32\UMPDC.dll
0x00007ffc5f610000 - 0x00007ffc5f662000 	C:\WINDOWS\System32\shlwapi.dll
0x00007ffc5cab0000 - 0x00007ffc5cac7000 	C:\WINDOWS\System32\cryptsp.dll
0x00007ffc53640000 - 0x00007ffc5365a000 	C:\Program Files\JetBrains\IntelliJ IDEA 2019.3\jbr\bin\net.dll
0x00007ffc3a270000 - 0x00007ffc3a446000 	C:\WINDOWS\SYSTEM32\urlmon.dll
0x00007ffc53530000 - 0x00007ffc53620000 	C:\WINDOWS\SYSTEM32\WINHTTP.dll
0x00007ffc4d770000 - 0x00007ffc4da16000 	C:\WINDOWS\SYSTEM32\iertutil.dll
0x00007ffc5c150000 - 0x00007ffc5c15c000 	C:\WINDOWS\SYSTEM32\CRYPTBASE.DLL
0x00007ffc5bf80000 - 0x00007ffc5bfe7000 	C:\WINDOWS\system32\mswsock.dll
0x00007ffc4f6e0000 - 0x00007ffc4f6f4000 	C:\Program Files\JetBrains\IntelliJ IDEA 2019.3\jbr\bin\nio.dll
0x00007ffc53070000 - 0x00007ffc5308a000 	C:\Program Files\JetBrains\IntelliJ IDEA 2019.3\bin\breakgen64.dll
0x00007ffc5bcd0000 - 0x00007ffc5bd9a000 	C:\WINDOWS\SYSTEM32\DNSAPI.dll
0x00007ffc5edd0000 - 0x00007ffc5edd8000 	C:\WINDOWS\System32\NSI.dll
0x00007ffc5bc90000 - 0x00007ffc5bcca000 	C:\WINDOWS\SYSTEM32\IPHLPAPI.DLL
0x00007ffc4c980000 - 0x00007ffc4c98a000 	C:\Windows\System32\rasadhlp.dll
0x00007ffc4fe30000 - 0x00007ffc4fea7000 	C:\WINDOWS\System32\fwpuclnt.dll
0x00007ffc5cd80000 - 0x00007ffc5cda6000 	C:\WINDOWS\System32\bcrypt.dll
0x00007ffc54fd0000 - 0x00007ffc54fda000 	C:\Program Files\JetBrains\IntelliJ IDEA 2019.3\jbr\bin\management.dll
0x00007ffc54b50000 - 0x00007ffc54b5c000 	C:\Program Files\JetBrains\IntelliJ IDEA 2019.3\jbr\bin\management_ext.dll
0x00007ffc5ba90000 - 0x00007ffc5bac3000 	C:\WINDOWS\system32\rsaenh.dll
0x00007ffc5c630000 - 0x00007ffc5c655000 	C:\WINDOWS\SYSTEM32\USERENV.dll
0x00007ffc50e90000 - 0x00007ffc50ea6000 	C:\WINDOWS\SYSTEM32\dhcpcsvc6.DLL
0x00007ffc518f0000 - 0x00007ffc5190c000 	C:\WINDOWS\SYSTEM32\dhcpcsvc.DLL
0x00007ffc2dac0000 - 0x00007ffc2dad6000 	C:\WINDOWS\system32\napinsp.dll
0x00007ffc2c2f0000 - 0x00007ffc2c30a000 	C:\WINDOWS\system32\pnrpnsp.dll
0x00007ffc2dab0000 - 0x00007ffc2dabe000 	C:\WINDOWS\System32\winrnr.dll
0x00007ffc52ed0000 - 0x00007ffc52eec000 	C:\WINDOWS\system32\NLAapi.dll
0x00007ffc2c2d0000 - 0x00007ffc2c2e5000 	C:\WINDOWS\system32\wshbth.dll

dbghelp: loaded successfully - version: 4.0.5 - missing functions: none
symbol engine: initialized successfully - sym options: 0x614 - pdb path: .;C:\Program Files\JetBrains\IntelliJ IDEA 2019.3\jbr\bin;C:\WINDOWS\SYSTEM32;C:\WINDOWS\WinSxS\amd64_microsoft.windows.common-controls_6595b64144ccf1df_6.0.18362.657_none_e6c5b579130e3898;C:\Program Files\JetBrains\IntelliJ IDEA 2019.3\jbr\bin\server;C:\Program Files\JetBrains\IntelliJ IDEA 2019.3\bin

VM Arguments:
jvm_args: -XX:TieredStopAtLevel=1 -Xverify:none -Dspring.output.ansi.enabled=always -Dcom.sun.management.jmxremote -Dspring.jmx.enabled=true -Dspring.liveBeansView.mbeanDomain -Dspring.application.admin.enabled=true -javaagent:C:\Program Files\JetBrains\IntelliJ IDEA 2019.3\lib\idea_rt.jar=51689:C:\Program Files\JetBrains\IntelliJ IDEA 2019.3\bin -Dfile.encoding=UTF-8 
java_command: ecole.projetEcole.ProjetEcoleApplication
java_class_path (initial): C:\Users\mcourrierdemere\Documents\ProjetEcole\projetEcole\target\classes;C:\Users\mcourrierdemere\.m2\repository\org\springframework\boot\spring-boot-starter-web\2.2.1.RELEASE\spring-boot-starter-web-2.2.1.RELEASE.jar;C:\Users\mcourrierdemere\.m2\repository\org\springframework\boot\spring-boot-starter\2.2.1.RELEASE\spring-boot-starter-2.2.1.RELEASE.jar;C:\Users\mcourrierdemere\.m2\repository\org\springframework\boot\spring-boot\2.2.1.RELEASE\spring-boot-2.2.1.RELEASE.jar;C:\Users\mcourrierdemere\.m2\repository\org\springframework\boot\spring-boot-autoconfigure\2.2.1.RELEASE\spring-boot-autoconfigure-2.2.1.RELEASE.jar;C:\Users\mcourrierdemere\.m2\repository\org\springframework\boot\spring-boot-starter-logging\2.2.1.RELEASE\spring-boot-starter-logging-2.2.1.RELEASE.jar;C:\Users\mcourrierdemere\.m2\repository\ch\qos\logback\logback-classic\1.2.3\logback-classic-1.2.3.jar;C:\Users\mcourrierdemere\.m2\repository\ch\qos\logback\logback-core\1.2.3\logback-core-1.2.3.jar;C:\Users\mcourrierdemere\.m2\repository\org\apache\logging\log4j\log4j-to-slf4j\2.12.1\log4j-to-slf4j-2.12.1.jar;C:\Users\mcourrierdemere\.m2\repository\org\apache\logging\log4j\log4j-api\2.12.1\log4j-api-2.12.1.jar;C:\Users\mcourrierdemere\.m2\repository\org\slf4j\jul-to-slf4j\1.7.29\jul-to-slf4j-1.7.29.jar;C:\Users\mcourrierdemere\.m2\repository\jakarta\annotation\jakarta.annotation-api\1.3.5\jakarta.annotation-api-1.3.5.jar;C:\Users\mcourrierdemere\.m2\repository\org\yaml\snakeyaml\1.25\snakeyaml-1.25.jar;C:\Users\mcourrierdemere\.m2\repository\org\springframework\boot\spring-boot-starter-json\2.2.1.RELEASE\spring-boot-starter-json-2.2.1.RELEASE.jar;C:\Users\mcourrierdemere\.m2\repository\com\fasterxml\jackson\core\jackson-databind\2.10.0\jackson-databind-2.10.0.jar;C:\Users\mcourrierdemere\.m2\repository\com\fasterxml\jackson\core\jackson-annotations\2.10.0\jackson-annotations-2.10.0.jar;C:\Users\mcourrierdemere\.m2\repository\com\fasterxml\jackson\core\jackson-core\2.10.0\
Launcher Type: SUN_STANDARD

[Global flags]
     bool BytecodeVerificationLocal                = false                                     {product} {command line}
     bool BytecodeVerificationRemote               = false                                     {product} {command line}
     intx CICompilerCount                          = 3                                         {product} {ergonomic}
     uint ConcGCThreads                            = 1                                         {product} {ergonomic}
     uint G1ConcRefinementThreads                  = 4                                         {product} {ergonomic}
   size_t G1HeapRegionSize                         = 1048576                                   {product} {ergonomic}
    uintx GCDrainStackTargetSize                   = 64                                        {product} {ergonomic}
   size_t InitialHeapSize                          = 134217728                                 {product} {ergonomic}
     bool ManagementServer                         = true                                      {product} {command line}
   size_t MarkStackSize                            = 4194304                                   {product} {ergonomic}
   size_t MaxHeapSize                              = 2116026368                                {product} {ergonomic}
   size_t MaxNewSize                               = 1268776960                                {product} {ergonomic}
   size_t MinHeapDeltaBytes                        = 1048576                                   {product} {ergonomic}
    uintx NonNMethodCodeHeapSize                   = 6973028                                {pd product} {ergonomic}
    uintx NonProfiledCodeHeapSize                  = 244685212                              {pd product} {ergonomic}
    uintx ProfiledCodeHeapSize                     = 0                                      {pd product} {ergonomic}
    uintx ReservedCodeCacheSize                    = 251658240                              {pd product} {ergonomic}
     bool SegmentedCodeCache                       = true                                      {product} {ergonomic}
     intx TieredStopAtLevel                        = 1                                         {product} {command line}
     bool UseCompressedClassPointers               = true                                 {lp64_product} {ergonomic}
     bool UseCompressedOops                        = true                                 {lp64_product} {ergonomic}
     bool UseG1GC                                  = true                                      {product} {ergonomic}
     bool UseLargePagesIndividualAllocation        = false                                  {pd product} {ergonomic}

Logging:
Log output configuration:
 #0: stdout all=warning uptime,level,tags
 #1: stderr all=off uptime,level,tags

Environment Variables:
PATH=C:\Program Files (x86)\Common Files\Oracle\Java\javapath;C:\Program Files (x86)\Intel\iCLS Client\;C:\Program Files\Intel\iCLS Client\;C:\WINDOWS\system32;C:\WINDOWS;C:\WINDOWS\System32\Wbem;C:\WINDOWS\System32\WindowsPowerShell\v1.0\;c:\Program Files\Intel\WiFi\bin\;c:\Program Files\Common Files\Intel\WirelessCommon\;C:\Program Files (x86)\Intel\Intel(R) Management Engine Components\DAL;C:\Program Files\Intel\Intel(R) Management Engine Components\DAL;C:\Program Files (x86)\Intel\Intel(R) Management Engine Components\IPT;C:\Program Files\Intel\Intel(R) Management Engine Components\IPT;C:\WINDOWS\System32\OpenSSH\;C:\Program Files\Git\cmd;C:\Program Files\MySQL\MySQL Utilities 1.6\;C:\Program Files\nodejs\;C:\Users\mcourrierdemere\AppData\Local\Microsoft\WindowsApps;C:\Users\mcourrierdemere\AppData\Roaming\npm
USERNAME=mcourrierdemere
OS=Windows_NT
PROCESSOR_IDENTIFIER=Intel64 Family 6 Model 142 Stepping 9, GenuineIntel



---------------  S Y S T E M  ---------------

OS: Windows 10 , 64 bit Build 18362 (10.0.18362.329)

CPU:total 4 (initial active 4) (2 cores per cpu, 2 threads per core) family 6 model 142 stepping 9, cmov, cx8, fxsr, mmx, sse, sse2, sse3, ssse3, sse4.1, sse4.2, popcnt, avx, avx2, aes, clmul, erms, rtm, 3dnowpref, lzcnt, ht, tsc, tscinvbit, bmi1, bmi2, adx, fma

Memory: 4k page, system-wide physical 8071M (620M free)
TotalPageFile size 12167M (AvailPageFile size 8M)
current process WorkingSet (physical memory assigned to process): 151M, peak: 151M
current process commit charge ("private bytes"): 231M, peak: 257M

vm_info: OpenJDK 64-Bit Server VM (11.0.4+10-b520.11) for windows-amd64 JRE (11.0.4+10-b520.11), built on Nov 16 2019 04:35:14 by "" with MS VC++ 14.0 (VS2015)

END.
