#
# There is insufficient memory for the Java Runtime Environment to continue.
# Native memory allocation (malloc) failed to allocate 1048576 bytes for AllocateHeap
# Possible reasons:
#   The system is out of physical RAM or swap space
#   The process is running with CompressedOops enabled, and the Java Heap may be blocking the growth of the native heap
# Possible solutions:
#   Reduce memory load on the system
#   Increase physical memory or swap space
#   Check if swap backing store is full
#   Decrease Java heap size (-Xmx/-Xms)
#   Decrease number of Java threads
#   Decrease Java thread stack sizes (-Xss)
#   Set larger code cache with -XX:ReservedCodeCacheSize=
#   JVM is running with Unscaled Compressed Oops mode in which the Java heap is
#     placed in the first 4GB address space. The Java Heap base address is the
#     maximum limit for the native heap growth. Please use -XX:HeapBaseMinAddress
#     to set the Java Heap base and to place the Java Heap above 4GB virtual address.
# This output file may be truncated or incomplete.
#
#  Out of Memory Error (c:/BuildAgent/work/5ff2f6c26000d570/src/hotspot/share/memory/allocation.cpp:46), pid=20892, tid=1868
#
# JRE version: OpenJDK Runtime Environment (11.0.4+10) (build 11.0.4+10-b520.11)
# Java VM: OpenJDK 64-Bit Server VM (11.0.4+10-b520.11, mixed mode, sharing, tiered, compressed oops, g1 gc, windows-amd64)
# No core dump will be written. Minidumps are not enabled by default on client versions of Windows
#

---------------  S U M M A R Y ------------

Command Line: -XX:TieredStopAtLevel=1 -Xverify:none -Dspring.output.ansi.enabled=always -Dcom.sun.management.jmxremote -Dspring.jmx.enabled=true -Dspring.liveBeansView.mbeanDomain -Dspring.application.admin.enabled=true -javaagent:C:\Program Files\JetBrains\IntelliJ IDEA 2019.3\lib\idea_rt.jar=61262:C:\Program Files\JetBrains\IntelliJ IDEA 2019.3\bin -Dfile.encoding=UTF-8 ecole.projetEcole.ProjetEcoleApplication

Host: Intel(R) Core(TM) i5-7300U CPU @ 2.60GHz, 4 cores, 7G,  Windows 10 , 64 bit Build 18362 (10.0.18362.329)
Time: Mon Feb 17 14:59:16 2020 Paris, Madrid elapsed time: 9 seconds (0d 0h 0m 9s)

---------------  T H R E A D  ---------------

Current thread (0x0000019f3fb7d000):  VMThread "VM Thread" [stack: 0x0000002a4db00000,0x0000002a4dc00000] [id=1868]

Stack: [0x0000002a4db00000,0x0000002a4dc00000]
[error occurred during error reporting (printing stack bounds), id 0xc0000005, EXCEPTION_ACCESS_VIOLATION (0xc0000005) at pc=0x0000019f29bb0bad]

Native frames: (J=compiled Java code, j=interpreted, Vv=VM code, C=native code)
V  [jvm.dll+0x5db21a]
V  [jvm.dll+0x70c4f5]
V  [jvm.dll+0x70da18]
V  [jvm.dll+0x70e045]
V  [jvm.dll+0x70dffb]
V  [jvm.dll+0x5da9a8]
V  [jvm.dll+0x5dae08]
C  [ntdll.dll+0xa11ff]
C  [ntdll.dll+0x6a289]
C  [ntdll.dll+0x9fe6e]
C  0x0000019f29bb0bad

VM_Operation (0x0000002a4f5facd0): CollectForMetadataAllocation, mode: safepoint, requested by thread 0x0000019f447f0000


---------------  P R O C E S S  ---------------

Threads class SMR info:
_java_thread_list=0x0000019f40dad0e0, length=32, elements={
0x0000019f3fb88800, 0x0000019f3fb8a000, 0x0000019f3fba1800, 0x0000019f3fba3000,
0x0000019f3fba7000, 0x0000019f3fbcd800, 0x0000019f3fb64800, 0x0000019f4092d800,
0x0000019f4092e000, 0x0000019f40b54000, 0x0000019f41120800, 0x0000019f419a2000,
0x0000019f41f85800, 0x0000019f41fad800, 0x0000019f41fa6800, 0x0000019f41ff8800,
0x0000019f4214b800, 0x0000019f447ef000, 0x0000019f447eb000, 0x0000019f447f0000,
0x0000019f447eb800, 0x0000019f447ec800, 0x0000019f447ea000, 0x0000019f447ed800,
0x0000019f447f0800, 0x0000019f447ee000, 0x0000019f4481f800, 0x0000019f44820000,
0x0000019f44822000, 0x0000019f44826800, 0x0000019f44822800, 0x0000019f44823800
}

Java Threads: ( => current thread )
  0x0000019f3fb88800 JavaThread "Reference Handler" daemon [_thread_blocked, id=14040, stack(0x0000002a4dc00000,0x0000002a4dd00000)]
  0x0000019f3fb8a000 JavaThread "Finalizer" daemon [_thread_blocked, id=16040, stack(0x0000002a4dd00000,0x0000002a4de00000)]
  0x0000019f3fba1800 JavaThread "Signal Dispatcher" daemon [_thread_blocked, id=9380, stack(0x0000002a4de00000,0x0000002a4df00000)]
  0x0000019f3fba3000 JavaThread "Attach Listener" daemon [_thread_blocked, id=13724, stack(0x0000002a4df00000,0x0000002a4e000000)]
  0x0000019f3fba7000 JavaThread "C1 CompilerThread0" daemon [_thread_blocked, id=13468, stack(0x0000002a4e000000,0x0000002a4e100000)]
  0x0000019f3fbcd800 JavaThread "Sweeper thread" daemon [_thread_blocked, id=19600, stack(0x0000002a4e100000,0x0000002a4e200000)]
  0x0000019f3fb64800 JavaThread "Common-Cleaner" daemon [_thread_blocked, id=12872, stack(0x0000002a4e200000,0x0000002a4e300000)]
  0x0000019f4092d800 JavaThread "Monitor Ctrl-Break" daemon [_thread_in_native, id=21284, stack(0x0000002a4e300000,0x0000002a4e400000)]
  0x0000019f4092e000 JavaThread "Service Thread" daemon [_thread_blocked, id=19248, stack(0x0000002a4e400000,0x0000002a4e500000)]
  0x0000019f40b54000 JavaThread "RMI TCP Accept-0" daemon [_thread_in_native, id=1016, stack(0x0000002a4e500000,0x0000002a4e600000)]
  0x0000019f41120800 JavaThread "RMI TCP Connection(3)-10.1.37.67" daemon [_thread_in_native, id=11984, stack(0x0000002a4eb00000,0x0000002a4ec00000)]
  0x0000019f419a2000 JavaThread "RMI Scheduler(0)" daemon [_thread_blocked, id=12820, stack(0x0000002a4ec00000,0x0000002a4ed00000)]
  0x0000019f41f85800 JavaThread "Catalina-utility-1" [_thread_blocked, id=592, stack(0x0000002a4e900000,0x0000002a4ea00000)]
  0x0000019f41fad800 JavaThread "Catalina-utility-2" [_thread_blocked, id=3512, stack(0x0000002a4ed00000,0x0000002a4ee00000)]
  0x0000019f41fa6800 JavaThread "container-0" [_thread_blocked, id=392, stack(0x0000002a4ee00000,0x0000002a4ef00000)]
  0x0000019f41ff8800 JavaThread "mysql-cj-abandoned-connection-cleanup" daemon [_thread_blocked, id=13056, stack(0x0000002a4ef00000,0x0000002a4f000000)]
  0x0000019f4214b800 JavaThread "HikariPool-1 housekeeper" daemon [_thread_blocked, id=4596, stack(0x0000002a4f100000,0x0000002a4f200000)]
  0x0000019f447ef000 JavaThread "http-nio-8083-BlockPoller" daemon [_thread_in_native, id=19732, stack(0x0000002a4f300000,0x0000002a4f400000)]
  0x0000019f447eb000 JavaThread "http-nio-8083-exec-1" daemon [_thread_blocked, id=21268, stack(0x0000002a4f400000,0x0000002a4f500000)]
  0x0000019f447f0000 JavaThread "http-nio-8083-exec-2" daemon [_thread_blocked, id=4824, stack(0x0000002a4f500000,0x0000002a4f600000)]
  0x0000019f447eb800 JavaThread "http-nio-8083-exec-3" daemon [_thread_blocked, id=10088, stack(0x0000002a4f600000,0x0000002a4f700000)]
  0x0000019f447ec800 JavaThread "http-nio-8083-exec-4" daemon [_thread_blocked, id=16224, stack(0x0000002a4f700000,0x0000002a4f800000)]
  0x0000019f447ea000 JavaThread "http-nio-8083-exec-5" daemon [_thread_blocked, id=16816, stack(0x0000002a4f800000,0x0000002a4f900000)]
  0x0000019f447ed800 JavaThread "http-nio-8083-exec-6" daemon [_thread_blocked, id=14828, stack(0x0000002a4f900000,0x0000002a4fa00000)]
  0x0000019f447f0800 JavaThread "http-nio-8083-exec-7" daemon [_thread_blocked, id=8812, stack(0x0000002a4fa00000,0x0000002a4fb00000)]
  0x0000019f447ee000 JavaThread "http-nio-8083-exec-8" daemon [_thread_blocked, id=5580, stack(0x0000002a4fb00000,0x0000002a4fc00000)]
  0x0000019f4481f800 JavaThread "http-nio-8083-exec-9" daemon [_thread_blocked, id=21020, stack(0x0000002a4fc00000,0x0000002a4fd00000)]
  0x0000019f44820000 JavaThread "http-nio-8083-exec-10" daemon [_thread_blocked, id=3820, stack(0x0000002a4fd00000,0x0000002a4fe00000)]
  0x0000019f44822000 JavaThread "http-nio-8083-ClientPoller" daemon [_thread_in_native, id=7604, stack(0x0000002a4fe00000,0x0000002a4ff00000)]
  0x0000019f44826800 JavaThread "http-nio-8083-Acceptor" daemon [_thread_in_native, id=12140, stack(0x0000002a4ff00000,0x0000002a50000000)]
  0x0000019f44822800 JavaThread "DestroyJavaVM" [_thread_blocked, id=10824, stack(0x0000002a4d400000,0x0000002a4d500000)]
  0x0000019f44823800 JavaThread "RMI TCP Connection(idle)" daemon [_thread_blocked, id=19956, stack(0x0000002a50000000,0x0000002a50100000)]

Other Threads:
=>0x0000019f3fb7d000 VMThread "VM Thread" [stack: 0x0000002a4db00000,0x0000002a4dc00000] [id=1868]
  0x0000019f40b50800 WatcherThread [stack: 0x0000002a4e600000,0x0000002a4e700000] [id=9900]
  0x0000019f25d15000 GCTaskThread "GC Thread#0" [stack: 0x0000002a4d600000,0x0000002a4d700000] [id=6868]
  0x0000019f40bc0800 GCTaskThread "GC Thread#1" [stack: 0x0000002a4e700000,0x0000002a4e800000] [id=3896]
  0x0000019f40bd4000 GCTaskThread "GC Thread#2" [stack: 0x0000002a4e800000,0x0000002a4e900000] [id=11036]
  0x0000019f410fa800 GCTaskThread "GC Thread#3" [stack: 0x0000002a4ea00000,0x0000002a4eb00000] [id=13840]
  0x0000019f25d43800 ConcurrentGCThread "G1 Main Marker" [stack: 0x0000002a4d700000,0x0000002a4d800000] [id=17412]
  0x0000019f25d45000 ConcurrentGCThread "G1 Conc#0" [stack: 0x0000002a4d800000,0x0000002a4d900000] [id=14452]
  0x0000019f3fa16800 ConcurrentGCThread "G1 Refine#0" [stack: 0x0000002a4d900000,0x0000002a4da00000] [id=16244]
  0x0000019f3fa17000 ConcurrentGCThread "G1 Young RemSet Sampling" [stack: 0x0000002a4da00000,0x0000002a4db00000] [id=19724]

Threads with active compile tasks:

VM state:at safepoint (normal execution)

VM Mutex/Monitor currently owned by a thread:  ([mutex/lock_event])
[0x0000019f25cfaac0] Threads_lock - owner thread: 0x0000019f3fb7d000
[0x0000019f25cf9cb0] Heap_lock - owner thread: 0x0000019f447f0000

Heap address: 0x0000000081e00000, size: 2018 MB, Compressed Oops mode: 32-bit
Narrow klass base: 0x0000000800000000, Narrow klass shift: 3
Compressed class space size: 1073741824 Address: 0x0000000840000000

Heap:
 garbage-first heap   total 189440K, used 27414K [0x0000000081e00000, 0x0000000100000000)
  region size 1024K, 8 young (8192K), 8 survivors (8192K)
 Metaspace       used 53250K, capacity 54942K, committed 54992K, reserved 1105920K
  class space    used 7356K, capacity 8029K, committed 8064K, reserved 1048576K
Heap Regions: E=young(eden), S=young(survivor), O=old, HS=humongous(starts), HC=humongous(continues), CS=collection set, F=free, A=archive, TAMS=top-at-mark-start (previous, next)
|   0|0x0000000081e00000, 0x0000000081f00000, 0x0000000081f00000|100%|HS|  |TAMS 0x0000000081f00000, 0x0000000081f00000| Complete 
|   1|0x0000000081f00000, 0x0000000082000000, 0x0000000082000000|100%| O|  |TAMS 0x0000000082000000, 0x0000000082000000| Untracked 
|   2|0x0000000082000000, 0x0000000082100000, 0x0000000082100000|100%| O|  |TAMS 0x0000000082100000, 0x0000000082100000| Untracked 
|   3|0x0000000082100000, 0x0000000082200000, 0x0000000082200000|100%| O|  |TAMS 0x0000000082200000, 0x0000000082200000| Untracked 
|   4|0x0000000082200000, 0x0000000082300000, 0x0000000082300000|100%| O|  |TAMS 0x0000000082300000, 0x0000000082300000| Untracked 
|   5|0x0000000082300000, 0x0000000082400000, 0x0000000082400000|100%| O|  |TAMS 0x0000000082400000, 0x0000000082400000| Untracked 
|   6|0x0000000082400000, 0x0000000082500000, 0x0000000082500000|100%| O|  |TAMS 0x0000000082500000, 0x0000000082500000| Untracked 
|   7|0x0000000082500000, 0x0000000082600000, 0x0000000082600000|100%| O|  |TAMS 0x0000000082600000, 0x0000000082600000| Untracked 
|   8|0x0000000082600000, 0x0000000082700000, 0x0000000082700000|100%| O|  |TAMS 0x0000000082700000, 0x0000000082700000| Untracked 
|   9|0x0000000082700000, 0x0000000082800000, 0x0000000082800000|100%| O|  |TAMS 0x0000000082800000, 0x0000000082800000| Untracked 
|  10|0x0000000082800000, 0x0000000082900000, 0x0000000082900000|100%| O|  |TAMS 0x0000000082852400, 0x0000000082900000| Untracked 
|  11|0x0000000082900000, 0x0000000082a00000, 0x0000000082a00000|100%| O|  |TAMS 0x0000000082900000, 0x0000000082a00000| Untracked 
|  12|0x0000000082a00000, 0x0000000082b00000, 0x0000000082b00000|100%| O|  |TAMS 0x0000000082a00000, 0x0000000082b00000| Untracked 
|  13|0x0000000082b00000, 0x0000000082c00000, 0x0000000082c00000|100%| O|  |TAMS 0x0000000082b00000, 0x0000000082c00000| Untracked 
|  14|0x0000000082c00000, 0x0000000082d00000, 0x0000000082d00000|100%| O|  |TAMS 0x0000000082c00000, 0x0000000082d00000| Untracked 
|  15|0x0000000082d00000, 0x0000000082e00000, 0x0000000082e00000|100%| O|  |TAMS 0x0000000082d00000, 0x0000000082e00000| Untracked 
|  16|0x0000000082e00000, 0x0000000082f00000, 0x0000000082f00000|100%| O|  |TAMS 0x0000000082e00000, 0x0000000082f00000| Untracked 
|  17|0x0000000082f00000, 0x0000000083000000, 0x0000000083000000|100%| O|  |TAMS 0x0000000082f00000, 0x0000000083000000| Untracked 
|  18|0x0000000083000000, 0x00000000830c5800, 0x0000000083100000| 77%| O|  |TAMS 0x0000000083000000, 0x00000000830c5800| Untracked 
|  19|0x0000000083100000, 0x0000000083100000, 0x0000000083200000|  0%| F|  |TAMS 0x0000000083100000, 0x0000000083100000| Untracked 
|  20|0x0000000083200000, 0x0000000083200000, 0x0000000083300000|  0%| F|  |TAMS 0x0000000083200000, 0x0000000083200000| Untracked 
|  21|0x0000000083300000, 0x0000000083300000, 0x0000000083400000|  0%| F|  |TAMS 0x0000000083300000, 0x0000000083300000| Untracked 
|  22|0x0000000083400000, 0x0000000083400000, 0x0000000083500000|  0%| F|  |TAMS 0x0000000083400000, 0x0000000083400000| Untracked 
|  23|0x0000000083500000, 0x0000000083500000, 0x0000000083600000|  0%| F|  |TAMS 0x0000000083500000, 0x0000000083500000| Untracked 
|  24|0x0000000083600000, 0x0000000083600000, 0x0000000083700000|  0%| F|  |TAMS 0x0000000083600000, 0x0000000083600000| Untracked 
|  25|0x0000000083700000, 0x0000000083700000, 0x0000000083800000|  0%| F|  |TAMS 0x0000000083700000, 0x0000000083700000| Untracked 
|  26|0x0000000083800000, 0x0000000083800000, 0x0000000083900000|  0%| F|  |TAMS 0x0000000083800000, 0x0000000083800000| Untracked 
|  27|0x0000000083900000, 0x0000000083900000, 0x0000000083a00000|  0%| F|  |TAMS 0x0000000083900000, 0x0000000083900000| Untracked 
|  28|0x0000000083a00000, 0x0000000083a00000, 0x0000000083b00000|  0%| F|  |TAMS 0x0000000083a00000, 0x0000000083a00000| Untracked 
|  29|0x0000000083b00000, 0x0000000083b00000, 0x0000000083c00000|  0%| F|  |TAMS 0x0000000083b00000, 0x0000000083b00000| Untracked 
|  30|0x0000000083c00000, 0x0000000083c00000, 0x0000000083d00000|  0%| F|  |TAMS 0x0000000083c00000, 0x0000000083c00000| Untracked 
|  31|0x0000000083d00000, 0x0000000083d00000, 0x0000000083e00000|  0%| F|  |TAMS 0x0000000083d00000, 0x0000000083d00000| Untracked 
|  32|0x0000000083e00000, 0x0000000083e00000, 0x0000000083f00000|  0%| F|  |TAMS 0x0000000083e00000, 0x0000000083e00000| Untracked 
|  33|0x0000000083f00000, 0x0000000083f00000, 0x0000000084000000|  0%| F|  |TAMS 0x0000000083f00000, 0x0000000083f00000| Untracked 
|  34|0x0000000084000000, 0x0000000084000000, 0x0000000084100000|  0%| F|  |TAMS 0x0000000084000000, 0x0000000084000000| Untracked 
|  35|0x0000000084100000, 0x0000000084100000, 0x0000000084200000|  0%| F|  |TAMS 0x0000000084100000, 0x0000000084100000| Untracked 
|  36|0x0000000084200000, 0x0000000084200000, 0x0000000084300000|  0%| F|  |TAMS 0x0000000084200000, 0x0000000084200000| Untracked 
|  37|0x0000000084300000, 0x0000000084300000, 0x0000000084400000|  0%| F|  |TAMS 0x0000000084300000, 0x0000000084300000| Untracked 
|  38|0x0000000084400000, 0x0000000084400000, 0x0000000084500000|  0%| F|  |TAMS 0x0000000084400000, 0x0000000084400000| Untracked 
|  39|0x0000000084500000, 0x0000000084500000, 0x0000000084600000|  0%| F|  |TAMS 0x0000000084500000, 0x0000000084500000| Untracked 
|  40|0x0000000084600000, 0x0000000084600000, 0x0000000084700000|  0%| F|  |TAMS 0x0000000084600000, 0x0000000084600000| Untracked 
|  41|0x0000000084700000, 0x0000000084700000, 0x0000000084800000|  0%| F|  |TAMS 0x0000000084700000, 0x0000000084700000| Untracked 
|  42|0x0000000084800000, 0x0000000084800000, 0x0000000084900000|  0%| F|  |TAMS 0x0000000084800000, 0x0000000084800000| Untracked 
|  43|0x0000000084900000, 0x0000000084900000, 0x0000000084a00000|  0%| F|  |TAMS 0x0000000084900000, 0x0000000084900000| Untracked 
|  44|0x0000000084a00000, 0x0000000084a00000, 0x0000000084b00000|  0%| F|  |TAMS 0x0000000084a00000, 0x0000000084a00000| Untracked 
|  45|0x0000000084b00000, 0x0000000084b00000, 0x0000000084c00000|  0%| F|  |TAMS 0x0000000084b00000, 0x0000000084b00000| Untracked 
|  46|0x0000000084c00000, 0x0000000084c00000, 0x0000000084d00000|  0%| F|  |TAMS 0x0000000084c00000, 0x0000000084c00000| Untracked 
|  47|0x0000000084d00000, 0x0000000084d00000, 0x0000000084e00000|  0%| F|  |TAMS 0x0000000084d00000, 0x0000000084d00000| Untracked 
|  48|0x0000000084e00000, 0x0000000084e00000, 0x0000000084f00000|  0%| F|  |TAMS 0x0000000084e00000, 0x0000000084e00000| Untracked 
|  49|0x0000000084f00000, 0x0000000084f00000, 0x0000000085000000|  0%| F|  |TAMS 0x0000000084f00000, 0x0000000084f00000| Untracked 
|  50|0x0000000085000000, 0x0000000085000000, 0x0000000085100000|  0%| F|  |TAMS 0x0000000085000000, 0x0000000085000000| Untracked 
|  51|0x0000000085100000, 0x0000000085100000, 0x0000000085200000|  0%| F|  |TAMS 0x0000000085100000, 0x0000000085100000| Untracked 
|  52|0x0000000085200000, 0x0000000085200000, 0x0000000085300000|  0%| F|  |TAMS 0x0000000085200000, 0x0000000085200000| Untracked 
|  53|0x0000000085300000, 0x0000000085300000, 0x0000000085400000|  0%| F|  |TAMS 0x0000000085300000, 0x0000000085300000| Untracked 
|  54|0x0000000085400000, 0x0000000085400000, 0x0000000085500000|  0%| F|  |TAMS 0x0000000085400000, 0x0000000085400000| Untracked 
|  55|0x0000000085500000, 0x0000000085500000, 0x0000000085600000|  0%| F|  |TAMS 0x0000000085500000, 0x0000000085500000| Untracked 
|  56|0x0000000085600000, 0x0000000085600000, 0x0000000085700000|  0%| F|  |TAMS 0x0000000085600000, 0x0000000085600000| Untracked 
|  57|0x0000000085700000, 0x0000000085700000, 0x0000000085800000|  0%| F|  |TAMS 0x0000000085700000, 0x0000000085700000| Untracked 
|  58|0x0000000085800000, 0x0000000085800000, 0x0000000085900000|  0%| F|  |TAMS 0x0000000085800000, 0x0000000085800000| Untracked 
|  59|0x0000000085900000, 0x0000000085900000, 0x0000000085a00000|  0%| F|  |TAMS 0x0000000085900000, 0x0000000085900000| Untracked 
|  60|0x0000000085a00000, 0x0000000085a00000, 0x0000000085b00000|  0%| F|  |TAMS 0x0000000085a00000, 0x0000000085a00000| Untracked 
|  61|0x0000000085b00000, 0x0000000085b00000, 0x0000000085c00000|  0%| F|  |TAMS 0x0000000085b00000, 0x0000000085b00000| Untracked 
|  62|0x0000000085c00000, 0x0000000085c00000, 0x0000000085d00000|  0%| F|  |TAMS 0x0000000085c00000, 0x0000000085c00000| Untracked 
|  63|0x0000000085d00000, 0x0000000085d00000, 0x0000000085e00000|  0%| F|  |TAMS 0x0000000085d00000, 0x0000000085d00000| Untracked 
|  64|0x0000000085e00000, 0x0000000085e00000, 0x0000000085f00000|  0%| F|  |TAMS 0x0000000085e00000, 0x0000000085e00000| Untracked 
|  65|0x0000000085f00000, 0x0000000085f00000, 0x0000000086000000|  0%| F|  |TAMS 0x0000000085f00000, 0x0000000085f00000| Untracked 
|  66|0x0000000086000000, 0x0000000086000000, 0x0000000086100000|  0%| F|  |TAMS 0x0000000086000000, 0x0000000086000000| Untracked 
|  67|0x0000000086100000, 0x0000000086100000, 0x0000000086200000|  0%| F|  |TAMS 0x0000000086100000, 0x0000000086100000| Untracked 
|  68|0x0000000086200000, 0x0000000086200000, 0x0000000086300000|  0%| F|  |TAMS 0x0000000086200000, 0x0000000086200000| Untracked 
|  69|0x0000000086300000, 0x0000000086300000, 0x0000000086400000|  0%| F|  |TAMS 0x0000000086300000, 0x0000000086300000| Untracked 
|  70|0x0000000086400000, 0x0000000086400000, 0x0000000086500000|  0%| F|  |TAMS 0x0000000086400000, 0x0000000086400000| Untracked 
|  71|0x0000000086500000, 0x0000000086500000, 0x0000000086600000|  0%| F|  |TAMS 0x0000000086500000, 0x0000000086500000| Untracked 
|  72|0x0000000086600000, 0x0000000086600000, 0x0000000086700000|  0%| F|  |TAMS 0x0000000086600000, 0x0000000086600000| Untracked 
|  73|0x0000000086700000, 0x0000000086700000, 0x0000000086800000|  0%| F|  |TAMS 0x0000000086700000, 0x0000000086700000| Untracked 
|  74|0x0000000086800000, 0x0000000086800000, 0x0000000086900000|  0%| F|  |TAMS 0x0000000086800000, 0x0000000086800000| Untracked 
|  75|0x0000000086900000, 0x0000000086900000, 0x0000000086a00000|  0%| F|  |TAMS 0x0000000086900000, 0x0000000086900000| Untracked 
|  76|0x0000000086a00000, 0x0000000086a00000, 0x0000000086b00000|  0%| F|  |TAMS 0x0000000086a00000, 0x0000000086a00000| Untracked 
|  77|0x0000000086b00000, 0x0000000086b00000, 0x0000000086c00000|  0%| F|  |TAMS 0x0000000086b00000, 0x0000000086b00000| Untracked 
|  78|0x0000000086c00000, 0x0000000086c00000, 0x0000000086d00000|  0%| F|  |TAMS 0x0000000086c00000, 0x0000000086c00000| Untracked 
|  79|0x0000000086d00000, 0x0000000086d00000, 0x0000000086e00000|  0%| F|  |TAMS 0x0000000086d00000, 0x0000000086d00000| Untracked 
|  80|0x0000000086e00000, 0x0000000086e00000, 0x0000000086f00000|  0%| F|  |TAMS 0x0000000086e00000, 0x0000000086e00000| Untracked 
|  81|0x0000000086f00000, 0x0000000086f00000, 0x0000000087000000|  0%| F|  |TAMS 0x0000000086f00000, 0x0000000086f00000| Untracked 
|  82|0x0000000087000000, 0x0000000087000000, 0x0000000087100000|  0%| F|  |TAMS 0x0000000087000000, 0x0000000087000000| Untracked 
|  83|0x0000000087100000, 0x0000000087100000, 0x0000000087200000|  0%| F|  |TAMS 0x0000000087100000, 0x0000000087100000| Untracked 
|  84|0x0000000087200000, 0x0000000087200000, 0x0000000087300000|  0%| F|  |TAMS 0x0000000087200000, 0x0000000087200000| Untracked 
|  85|0x0000000087300000, 0x0000000087300000, 0x0000000087400000|  0%| F|  |TAMS 0x0000000087300000, 0x0000000087300000| Untracked 
|  86|0x0000000087400000, 0x0000000087400000, 0x0000000087500000|  0%| F|  |TAMS 0x0000000087400000, 0x0000000087400000| Untracked 
|  87|0x0000000087500000, 0x0000000087500000, 0x0000000087600000|  0%| F|  |TAMS 0x0000000087500000, 0x0000000087500000| Untracked 
|  88|0x0000000087600000, 0x0000000087600000, 0x0000000087700000|  0%| F|  |TAMS 0x0000000087600000, 0x0000000087600000| Untracked 
|  89|0x0000000087700000, 0x0000000087700000, 0x0000000087800000|  0%| F|  |TAMS 0x0000000087700000, 0x0000000087700000| Untracked 
|  90|0x0000000087800000, 0x0000000087800000, 0x0000000087900000|  0%| F|  |TAMS 0x0000000087800000, 0x0000000087800000| Untracked 
|  91|0x0000000087900000, 0x0000000087900000, 0x0000000087a00000|  0%| F|  |TAMS 0x0000000087900000, 0x0000000087900000| Untracked 
|  92|0x0000000087a00000, 0x0000000087a00000, 0x0000000087b00000|  0%| F|  |TAMS 0x0000000087a00000, 0x0000000087a00000| Untracked 
|  93|0x0000000087b00000, 0x0000000087b00000, 0x0000000087c00000|  0%| F|  |TAMS 0x0000000087b00000, 0x0000000087b00000| Untracked 
|  94|0x0000000087c00000, 0x0000000087c00000, 0x0000000087d00000|  0%| F|  |TAMS 0x0000000087c00000, 0x0000000087c00000| Untracked 
|  95|0x0000000087d00000, 0x0000000087d00000, 0x0000000087e00000|  0%| F|  |TAMS 0x0000000087d00000, 0x0000000087d00000| Untracked 
|  96|0x0000000087e00000, 0x0000000087e00000, 0x0000000087f00000|  0%| F|  |TAMS 0x0000000087e00000, 0x0000000087e00000| Untracked 
|  97|0x0000000087f00000, 0x0000000087f00000, 0x0000000088000000|  0%| F|  |TAMS 0x0000000087f00000, 0x0000000087f00000| Untracked 
|  98|0x0000000088000000, 0x0000000088000000, 0x0000000088100000|  0%| F|  |TAMS 0x0000000088000000, 0x0000000088000000| Untracked 
|  99|0x0000000088100000, 0x0000000088100000, 0x0000000088200000|  0%| F|  |TAMS 0x0000000088100000, 0x0000000088100000| Untracked 
| 100|0x0000000088200000, 0x0000000088200000, 0x0000000088300000|  0%| F|  |TAMS 0x0000000088200000, 0x0000000088200000| Untracked 
| 101|0x0000000088300000, 0x0000000088300000, 0x0000000088400000|  0%| F|  |TAMS 0x0000000088300000, 0x0000000088300000| Untracked 
| 102|0x0000000088400000, 0x0000000088400000, 0x0000000088500000|  0%| F|  |TAMS 0x0000000088400000, 0x0000000088400000| Untracked 
| 103|0x0000000088500000, 0x0000000088500000, 0x0000000088600000|  0%| F|  |TAMS 0x0000000088500000, 0x0000000088500000| Untracked 
| 104|0x0000000088600000, 0x0000000088700000, 0x0000000088700000|100%| S|CS|TAMS 0x0000000088600000, 0x0000000088600000| Complete 
| 105|0x0000000088700000, 0x0000000088800000, 0x0000000088800000|100%| S|CS|TAMS 0x0000000088700000, 0x0000000088700000| Complete 
| 106|0x0000000088800000, 0x0000000088900000, 0x0000000088900000|100%| S|CS|TAMS 0x0000000088800000, 0x0000000088800000| Complete 
| 107|0x0000000088900000, 0x0000000088a00000, 0x0000000088a00000|100%| S|CS|TAMS 0x0000000088900000, 0x0000000088900000| Complete 
| 108|0x0000000088a00000, 0x0000000088b00000, 0x0000000088b00000|100%| S|CS|TAMS 0x0000000088a00000, 0x0000000088a00000| Complete 
| 109|0x0000000088b00000, 0x0000000088c00000, 0x0000000088c00000|100%| S|CS|TAMS 0x0000000088b00000, 0x0000000088b00000| Complete 
| 110|0x0000000088c00000, 0x0000000088d00000, 0x0000000088d00000|100%| S|CS|TAMS 0x0000000088c00000, 0x0000000088c00000| Complete 
| 111|0x0000000088d00000, 0x0000000088e00000, 0x0000000088e00000|100%| S|CS|TAMS 0x0000000088d00000, 0x0000000088d00000| Complete 
| 112|0x0000000088e00000, 0x0000000088e00000, 0x0000000088f00000|  0%| F|  |TAMS 0x0000000088e00000, 0x0000000088e00000| Untracked 
| 113|0x0000000088f00000, 0x0000000088f00000, 0x0000000089000000|  0%| F|  |TAMS 0x0000000088f00000, 0x0000000088f00000| Untracked 
| 114|0x0000000089000000, 0x0000000089000000, 0x0000000089100000|  0%| F|  |TAMS 0x0000000089000000, 0x0000000089000000| Untracked 
| 115|0x0000000089100000, 0x0000000089100000, 0x0000000089200000|  0%| F|  |TAMS 0x0000000089100000, 0x0000000089100000| Untracked 
| 116|0x0000000089200000, 0x0000000089200000, 0x0000000089300000|  0%| F|  |TAMS 0x0000000089200000, 0x0000000089200000| Untracked 
| 117|0x0000000089300000, 0x0000000089300000, 0x0000000089400000|  0%| F|  |TAMS 0x0000000089300000, 0x0000000089300000| Untracked 
| 118|0x0000000089400000, 0x0000000089400000, 0x0000000089500000|  0%| F|  |TAMS 0x0000000089400000, 0x0000000089400000| Untracked 
| 119|0x0000000089500000, 0x0000000089500000, 0x0000000089600000|  0%| F|  |TAMS 0x0000000089500000, 0x0000000089500000| Untracked 
| 120|0x0000000089600000, 0x0000000089600000, 0x0000000089700000|  0%| F|  |TAMS 0x0000000089600000, 0x0000000089600000| Untracked 
| 121|0x0000000089700000, 0x0000000089700000, 0x0000000089800000|  0%| F|  |TAMS 0x0000000089700000, 0x0000000089700000| Untracked 
| 122|0x0000000089800000, 0x0000000089800000, 0x0000000089900000|  0%| F|  |TAMS 0x0000000089800000, 0x0000000089800000| Untracked 
| 123|0x0000000089900000, 0x0000000089900000, 0x0000000089a00000|  0%| F|  |TAMS 0x0000000089900000, 0x0000000089900000| Untracked 
| 124|0x0000000089a00000, 0x0000000089a00000, 0x0000000089b00000|  0%| F|  |TAMS 0x0000000089a00000, 0x0000000089a00000| Untracked 
| 125|0x0000000089b00000, 0x0000000089b00000, 0x0000000089c00000|  0%| F|  |TAMS 0x0000000089b00000, 0x0000000089b00000| Untracked 
| 126|0x0000000089c00000, 0x0000000089c00000, 0x0000000089d00000|  0%| F|  |TAMS 0x0000000089c00000, 0x0000000089c00000| Untracked 
| 127|0x0000000089d00000, 0x0000000089d00000, 0x0000000089e00000|  0%| F|  |TAMS 0x0000000089d00000, 0x0000000089d00000| Untracked 
| 128|0x0000000089e00000, 0x0000000089e00000, 0x0000000089f00000|  0%| F|  |TAMS 0x0000000089e00000, 0x0000000089e00000| Untracked 
| 129|0x0000000089f00000, 0x0000000089f00000, 0x000000008a000000|  0%| F|  |TAMS 0x0000000089f00000, 0x0000000089f00000| Untracked 
| 130|0x000000008a000000, 0x000000008a000000, 0x000000008a100000|  0%| F|  |TAMS 0x000000008a000000, 0x000000008a000000| Untracked 
| 131|0x000000008a100000, 0x000000008a100000, 0x000000008a200000|  0%| F|  |TAMS 0x000000008a100000, 0x000000008a100000| Untracked 
| 132|0x000000008a200000, 0x000000008a200000, 0x000000008a300000|  0%| F|  |TAMS 0x000000008a200000, 0x000000008a200000| Untracked 
| 133|0x000000008a300000, 0x000000008a300000, 0x000000008a400000|  0%| F|  |TAMS 0x000000008a300000, 0x000000008a300000| Untracked 
| 134|0x000000008a400000, 0x000000008a400000, 0x000000008a500000|  0%| F|  |TAMS 0x000000008a400000, 0x000000008a400000| Untracked 
| 135|0x000000008a500000, 0x000000008a500000, 0x000000008a600000|  0%| F|  |TAMS 0x000000008a500000, 0x000000008a500000| Untracked 
| 136|0x000000008a600000, 0x000000008a600000, 0x000000008a700000|  0%| F|  |TAMS 0x000000008a600000, 0x000000008a600000| Untracked 
| 137|0x000000008a700000, 0x000000008a700000, 0x000000008a800000|  0%| F|  |TAMS 0x000000008a700000, 0x000000008a700000| Untracked 
| 138|0x000000008a800000, 0x000000008a800000, 0x000000008a900000|  0%| F|  |TAMS 0x000000008a800000, 0x000000008a800000| Untracked 
| 139|0x000000008a900000, 0x000000008a900000, 0x000000008aa00000|  0%| F|  |TAMS 0x000000008a900000, 0x000000008a900000| Untracked 
| 140|0x000000008aa00000, 0x000000008aa00000, 0x000000008ab00000|  0%| F|  |TAMS 0x000000008aa00000, 0x000000008aa00000| Untracked 
| 141|0x000000008ab00000, 0x000000008ab00000, 0x000000008ac00000|  0%| F|  |TAMS 0x000000008ab00000, 0x000000008ab00000| Untracked 
| 142|0x000000008ac00000, 0x000000008ac00000, 0x000000008ad00000|  0%| F|  |TAMS 0x000000008ac00000, 0x000000008ac00000| Untracked 
| 143|0x000000008ad00000, 0x000000008ad00000, 0x000000008ae00000|  0%| F|  |TAMS 0x000000008ad00000, 0x000000008ad00000| Untracked 
| 144|0x000000008ae00000, 0x000000008ae00000, 0x000000008af00000|  0%| F|  |TAMS 0x000000008ae00000, 0x000000008ae00000| Untracked 
| 145|0x000000008af00000, 0x000000008af00000, 0x000000008b000000|  0%| F|  |TAMS 0x000000008af00000, 0x000000008af00000| Untracked 
| 146|0x000000008b000000, 0x000000008b000000, 0x000000008b100000|  0%| F|  |TAMS 0x000000008b000000, 0x000000008b000000| Untracked 
| 147|0x000000008b100000, 0x000000008b100000, 0x000000008b200000|  0%| F|  |TAMS 0x000000008b100000, 0x000000008b100000| Untracked 
| 148|0x000000008b200000, 0x000000008b200000, 0x000000008b300000|  0%| F|  |TAMS 0x000000008b200000, 0x000000008b200000| Untracked 
| 149|0x000000008b300000, 0x000000008b300000, 0x000000008b400000|  0%| F|  |TAMS 0x000000008b300000, 0x000000008b300000| Untracked 
| 150|0x000000008b400000, 0x000000008b400000, 0x000000008b500000|  0%| F|  |TAMS 0x000000008b400000, 0x000000008b400000| Untracked 
| 151|0x000000008b500000, 0x000000008b500000, 0x000000008b600000|  0%| F|  |TAMS 0x000000008b500000, 0x000000008b500000| Untracked 
| 152|0x000000008b600000, 0x000000008b600000, 0x000000008b700000|  0%| F|  |TAMS 0x000000008b600000, 0x000000008b600000| Untracked 
| 153|0x000000008b700000, 0x000000008b700000, 0x000000008b800000|  0%| F|  |TAMS 0x000000008b700000, 0x000000008b700000| Untracked 
| 154|0x000000008b800000, 0x000000008b800000, 0x000000008b900000|  0%| F|  |TAMS 0x000000008b800000, 0x000000008b800000| Untracked 
| 155|0x000000008b900000, 0x000000008b900000, 0x000000008ba00000|  0%| F|  |TAMS 0x000000008b900000, 0x000000008b900000| Untracked 
| 156|0x000000008ba00000, 0x000000008ba00000, 0x000000008bb00000|  0%| F|  |TAMS 0x000000008ba00000, 0x000000008ba00000| Untracked 
| 157|0x000000008bb00000, 0x000000008bb00000, 0x000000008bc00000|  0%| F|  |TAMS 0x000000008bb00000, 0x000000008bb00000| Untracked 
| 158|0x000000008bc00000, 0x000000008bc00000, 0x000000008bd00000|  0%| F|  |TAMS 0x000000008bc00000, 0x000000008bc00000| Untracked 
| 159|0x000000008bd00000, 0x000000008bd00000, 0x000000008be00000|  0%| F|  |TAMS 0x000000008bd00000, 0x000000008bd00000| Untracked 
| 160|0x000000008be00000, 0x000000008be00000, 0x000000008bf00000|  0%| F|  |TAMS 0x000000008be00000, 0x000000008be00000| Untracked 
| 161|0x000000008bf00000, 0x000000008bf00000, 0x000000008c000000|  0%| F|  |TAMS 0x000000008bf00000, 0x000000008bf00000| Untracked 
| 162|0x000000008c000000, 0x000000008c000000, 0x000000008c100000|  0%| F|  |TAMS 0x000000008c000000, 0x000000008c000000| Untracked 
| 163|0x000000008c100000, 0x000000008c100000, 0x000000008c200000|  0%| F|  |TAMS 0x000000008c100000, 0x000000008c100000| Untracked 
| 164|0x000000008c200000, 0x000000008c200000, 0x000000008c300000|  0%| F|  |TAMS 0x000000008c200000, 0x000000008c200000| Untracked 
| 165|0x000000008c300000, 0x000000008c300000, 0x000000008c400000|  0%| F|  |TAMS 0x000000008c300000, 0x000000008c300000| Untracked 
| 166|0x000000008c400000, 0x000000008c400000, 0x000000008c500000|  0%| F|  |TAMS 0x000000008c400000, 0x000000008c400000| Untracked 
| 167|0x000000008c500000, 0x000000008c500000, 0x000000008c600000|  0%| F|  |TAMS 0x000000008c500000, 0x000000008c500000| Untracked 
| 168|0x000000008c600000, 0x000000008c600000, 0x000000008c700000|  0%| F|  |TAMS 0x000000008c600000, 0x000000008c600000| Untracked 
| 169|0x000000008c700000, 0x000000008c700000, 0x000000008c800000|  0%| F|  |TAMS 0x000000008c700000, 0x000000008c700000| Untracked 
| 170|0x000000008c800000, 0x000000008c800000, 0x000000008c900000|  0%| F|  |TAMS 0x000000008c800000, 0x000000008c800000| Untracked 
| 171|0x000000008c900000, 0x000000008c900000, 0x000000008ca00000|  0%| F|  |TAMS 0x000000008c900000, 0x000000008c900000| Untracked 
| 172|0x000000008ca00000, 0x000000008ca00000, 0x000000008cb00000|  0%| F|  |TAMS 0x000000008ca00000, 0x000000008ca00000| Untracked 
| 173|0x000000008cb00000, 0x000000008cb00000, 0x000000008cc00000|  0%| F|  |TAMS 0x000000008cb00000, 0x000000008cb00000| Untracked 
| 174|0x000000008cc00000, 0x000000008cc00000, 0x000000008cd00000|  0%| F|  |TAMS 0x000000008cc00000, 0x000000008cc00000| Untracked 
| 175|0x000000008cd00000, 0x000000008cd00000, 0x000000008ce00000|  0%| F|  |TAMS 0x000000008cd00000, 0x000000008cd00000| Untracked 
| 176|0x000000008ce00000, 0x000000008ce00000, 0x000000008cf00000|  0%| F|  |TAMS 0x000000008ce00000, 0x000000008ce00000| Untracked 
| 177|0x000000008cf00000, 0x000000008cf00000, 0x000000008d000000|  0%| F|  |TAMS 0x000000008cf00000, 0x000000008cf00000| Untracked 
| 178|0x000000008d000000, 0x000000008d000000, 0x000000008d100000|  0%| F|  |TAMS 0x000000008d000000, 0x000000008d000000| Untracked 
| 179|0x000000008d100000, 0x000000008d100000, 0x000000008d200000|  0%| F|  |TAMS 0x000000008d100000, 0x000000008d100000| Untracked 
| 180|0x000000008d200000, 0x000000008d200000, 0x000000008d300000|  0%| F|  |TAMS 0x000000008d200000, 0x000000008d200000| Untracked 
| 181|0x000000008d300000, 0x000000008d300000, 0x000000008d400000|  0%| F|  |TAMS 0x000000008d300000, 0x000000008d300000| Untracked 
| 182|0x000000008d400000, 0x000000008d400000, 0x000000008d500000|  0%| F|  |TAMS 0x000000008d400000, 0x000000008d400000| Untracked 
| 183|0x000000008d500000, 0x000000008d500000, 0x000000008d600000|  0%| F|  |TAMS 0x000000008d500000, 0x000000008d500000| Untracked 
| 184|0x000000008d600000, 0x000000008d600000, 0x000000008d700000|  0%| F|  |TAMS 0x000000008d600000, 0x000000008d600000| Untracked 

Card table byte_map: [0x0000019f38fb0000,0x0000019f393b0000] _byte_map_base: 0x0000019f38ba1000

Marking Bits (Prev, Next): (CMBitMap*) 0x0000019f25d3adc8, (CMBitMap*) 0x0000019f25d3ae00
 Prev Bits: [0x0000019f397b0000, 0x0000019f3b738000)
 Next Bits: [0x0000019f3b740000, 0x0000019f3d6c8000)

Polling page: 0x0000019f254c0000

Metaspace:

Usage:
  Non-class:     45.81 MB capacity,    44.82 MB ( 98%) used,   813.77 KB (  2%) free+waste,   204.69 KB ( <1%) overhead. 
      Class:      7.84 MB capacity,     7.18 MB ( 92%) used,   571.38 KB (  7%) free+waste,   101.19 KB (  1%) overhead. 
       Both:     53.65 MB capacity,    52.00 MB ( 97%) used,     1.35 MB (  3%) free+waste,   305.88 KB ( <1%) overhead. 

Virtual space:
  Non-class space:       56.00 MB reserved,      45.83 MB ( 82%) committed 
      Class space:        1.00 GB reserved,       7.88 MB ( <1%) committed 
             Both:        1.05 GB reserved,      53.70 MB (  5%) committed 

Chunk freelists:
   Non-Class:  15.00 KB
       Class:  3.00 KB
        Both:  18.00 KB

CodeHeap 'non-profiled nmethods': size=238912Kb used=9252Kb max_used=9252Kb free=229659Kb
 bounds [0x0000019f2a260000, 0x0000019f2ab70000, 0x0000019f38bb0000]
CodeHeap 'non-nmethods': size=6848Kb used=1268Kb max_used=1268Kb free=5579Kb
 bounds [0x0000019f29bb0000, 0x0000019f29e20000, 0x0000019f2a260000]
 total_blobs=6353 nmethods=5646 adapters=560
 compilation: enabled
              stopped_count=0, restarted_count=0
 full_count=0

Compilation events (10 events):
Event: 9.211 Thread 0x0000019f3fba7000 5695       1       org.modelmapper.internal.MappingContextImpl::getDestination (5 bytes)
Event: 9.211 Thread 0x0000019f3fba7000 nmethod 5695 0x0000019f2ab68b90 code [0x0000019f2ab68d40, 0x0000019f2ab68e78]
Event: 9.211 Thread 0x0000019f3fba7000 5696       1       org.modelmapper.internal.MappingContextImpl::isProvidedDestination (5 bytes)
Event: 9.211 Thread 0x0000019f3fba7000 nmethod 5696 0x0000019f2ab68f10 code [0x0000019f2ab690c0, 0x0000019f2ab691f8]
Event: 9.216 Thread 0x0000019f3fba7000 5697       1       sun.reflect.generics.scope.AbstractScope::getRecvr (5 bytes)
Event: 9.216 Thread 0x0000019f3fba7000 nmethod 5697 0x0000019f2ab69290 code [0x0000019f2ab69440, 0x0000019f2ab69578]
Event: 9.222 Thread 0x0000019f3fba7000 5698       1       java.util.ResourceBundle$CacheKey::hashCode (23 bytes)
Event: 9.222 Thread 0x0000019f3fba7000 nmethod 5698 0x0000019f2ab69610 code [0x0000019f2ab697e0, 0x0000019f2ab699a0]
Event: 9.228 Thread 0x0000019f3fba7000 5700       1       com.fasterxml.jackson.databind.JavaType::getRawClass (5 bytes)
Event: 9.228 Thread 0x0000019f3fba7000 nmethod 5700 0x0000019f2ab69a90 code [0x0000019f2ab69c40, 0x0000019f2ab69d78]

GC Heap History (10 events):
Event: 3.025 GC heap before
{Heap before GC invocations=5 (full 0):
 garbage-first heap   total 157696K, used 14569K [0x0000000081e00000, 0x0000000100000000)
  region size 1024K, 9 young (9216K), 6 survivors (6144K)
 Metaspace       used 20285K, capacity 21176K, committed 21296K, reserved 1067008K
  class space    used 2807K, capacity 3171K, committed 3200K, reserved 1048576K
}
Event: 3.035 GC heap after
{Heap after GC invocations=6 (full 0):
 garbage-first heap   total 157696K, used 13057K [0x0000000081e00000, 0x0000000100000000)
  region size 1024K, 6 young (6144K), 6 survivors (6144K)
 Metaspace       used 20285K, capacity 21176K, committed 21296K, reserved 1067008K
  class space    used 2807K, capacity 3171K, committed 3200K, reserved 1048576K
}
Event: 3.662 GC heap before
{Heap before GC invocations=7 (full 0):
 garbage-first heap   total 157696K, used 89857K [0x0000000081e00000, 0x0000000100000000)
  region size 1024K, 82 young (83968K), 6 survivors (6144K)
 Metaspace       used 25726K, capacity 26881K, committed 27056K, reserved 1073152K
  class space    used 3553K, capacity 4001K, committed 4096K, reserved 1048576K
}
Event: 3.675 GC heap after
{Heap after GC invocations=8 (full 0):
 garbage-first heap   total 157696K, used 15868K [0x0000000081e00000, 0x0000000100000000)
  region size 1024K, 9 young (9216K), 9 survivors (9216K)
 Metaspace       used 25726K, capacity 26881K, committed 27056K, reserved 1073152K
  class space    used 3553K, capacity 4001K, committed 4096K, reserved 1048576K
}
Event: 4.321 GC heap before
{Heap before GC invocations=8 (full 0):
 garbage-first heap   total 157696K, used 77308K [0x0000000081e00000, 0x0000000100000000)
  region size 1024K, 71 young (72704K), 9 survivors (9216K)
 Metaspace       used 34525K, capacity 35738K, committed 35920K, reserved 1079296K
  class space    used 4796K, capacity 5287K, committed 5376K, reserved 1048576K
}
Event: 4.335 GC heap after
{Heap after GC invocations=9 (full 0):
 garbage-first heap   total 157696K, used 19524K [0x0000000081e00000, 0x0000000100000000)
  region size 1024K, 9 young (9216K), 9 survivors (9216K)
 Metaspace       used 34525K, capacity 35738K, committed 35920K, reserved 1079296K
  class space    used 4796K, capacity 5287K, committed 5376K, reserved 1048576K
}
Event: 5.274 GC heap before
{Heap before GC invocations=10 (full 0):
 garbage-first heap   total 157696K, used 103492K [0x0000000081e00000, 0x0000000100000000)
  region size 1024K, 91 young (93184K), 9 survivors (9216K)
 Metaspace       used 45432K, capacity 46944K, committed 47056K, reserved 1089536K
  class space    used 6375K, capacity 6989K, committed 7040K, reserved 1048576K
}
Event: 5.287 GC heap after
{Heap after GC invocations=11 (full 0):
 garbage-first heap   total 189440K, used 22928K [0x0000000081e00000, 0x0000000100000000)
  region size 1024K, 8 young (8192K), 8 survivors (8192K)
 Metaspace       used 45432K, capacity 46944K, committed 47056K, reserved 1089536K
  class space    used 6375K, capacity 6989K, committed 7040K, reserved 1048576K
}
Event: 9.235 GC heap before
{Heap before GC invocations=11 (full 0):
 garbage-first heap   total 189440K, used 95632K [0x0000000081e00000, 0x0000000100000000)
  region size 1024K, 81 young (82944K), 8 survivors (8192K)
 Metaspace       used 53250K, capacity 54942K, committed 54992K, reserved 1103872K
  class space    used 7356K, capacity 8029K, committed 8064K, reserved 1048576K
}
Event: 9.251 GC heap after
{Heap after GC invocations=12 (full 0):
 garbage-first heap   total 189440K, used 27414K [0x0000000081e00000, 0x0000000100000000)
  region size 1024K, 8 young (8192K), 8 survivors (8192K)
 Metaspace       used 53250K, capacity 54942K, committed 54992K, reserved 1103872K
  class space    used 7356K, capacity 8029K, committed 8064K, reserved 1048576K
}

Deoptimization events (6 events):
Event: 3.074 Thread 0x0000019f25cfd000 DEOPT PACKING pc=0x0000019f2a5802b4 sp=0x0000002a4d4fdbe0
Event: 3.074 Thread 0x0000019f25cfd000 DEOPT UNPACKING pc=0x0000019f29bd904e sp=0x0000002a4d4fd148 mode 0
Event: 5.665 Thread 0x0000019f25cfd000 DEOPT PACKING pc=0x0000019f2a530b7f sp=0x0000002a4d4fe050
Event: 5.665 Thread 0x0000019f25cfd000 DEOPT UNPACKING pc=0x0000019f29bd904e sp=0x0000002a4d4fd558 mode 3
Event: 5.665 Thread 0x0000019f25cfd000 DEOPT PACKING pc=0x0000019f2a53bdf1 sp=0x0000002a4d4fe020
Event: 5.665 Thread 0x0000019f25cfd000 DEOPT UNPACKING pc=0x0000019f29bd904e sp=0x0000002a4d4fd558 mode 3

Classes redefined (0 events):
No events

Internal exceptions (10 events):
Event: 5.463 Thread 0x0000019f25cfd000 Exception <a 'java/lang/ClassNotFoundException'{0x000000008c7fdeb8}: org/springframework/context/ResourceLoaderAwareCustomizer> (0x000000008c7fdeb8) thrown at [c:/BuildAgent/work/5ff2f6c26000d570/src/hotspot/share/classfile/systemDictionary.cpp, line 231]
Event: 5.464 Thread 0x0000019f25cfd000 Exception <a 'java/lang/ClassNotFoundException'{0x000000008c60b680}: org/springframework/beans/factory/AwareCustomizer> (0x000000008c60b680) thrown at [c:/BuildAgent/work/5ff2f6c26000d570/src/hotspot/share/classfile/systemDictionary.cpp, line 231]
Event: 5.464 Thread 0x0000019f25cfd000 Exception <a 'java/lang/ClassNotFoundException'{0x000000008c619498}: org/springframework/context/ApplicationContextAwareCustomizer> (0x000000008c619498) thrown at [c:/BuildAgent/work/5ff2f6c26000d570/src/hotspot/share/classfile/systemDictionary.cpp, line 
Event: 5.464 Thread 0x0000019f25cfd000 Exception <a 'java/lang/ClassNotFoundException'{0x000000008c627138}: org/springframework/beans/factory/AwareCustomizer> (0x000000008c627138) thrown at [c:/BuildAgent/work/5ff2f6c26000d570/src/hotspot/share/classfile/systemDictionary.cpp, line 231]
Event: 5.464 Thread 0x0000019f25cfd000 Exception <a 'java/lang/ClassNotFoundException'{0x000000008c634f28}: org/springframework/web/context/ServletContextAwareCustomizer> (0x000000008c634f28) thrown at [c:/BuildAgent/work/5ff2f6c26000d570/src/hotspot/share/classfile/systemDictionary.cpp, line 
Event: 5.465 Thread 0x0000019f25cfd000 Exception <a 'java/lang/ClassNotFoundException'{0x000000008c6426a0}: org/springframework/beans/factory/AwareCustomizer> (0x000000008c6426a0) thrown at [c:/BuildAgent/work/5ff2f6c26000d570/src/hotspot/share/classfile/systemDictionary.cpp, line 231]
Event: 5.574 Thread 0x0000019f25cfd000 Exception <a 'java/lang/NoSuchMethodError'{0x000000008bdf8010}: 'void java.lang.invoke.DirectMethodHandle$Holder.invokeVirtual(java.lang.Object, java.lang.Object, int)'> (0x000000008bdf8010) thrown at [c:/BuildAgent/work/5ff2f6c26000d570/src/hotspot/share
Event: 5.581 Thread 0x0000019f41120800 Exception <a 'java/lang/reflect/InvocationTargetException'{0x000000008bc89f20}> (0x000000008bc89f20) thrown at [c:/BuildAgent/work/5ff2f6c26000d570/src/hotspot/share/runtime/reflection.cpp, line 1246]
Event: 5.656 Thread 0x0000019f25cfd000 Exception <a 'java/lang/IncompatibleClassChangeError'{0x000000008b609b08}: Found class java.lang.Object, but interface was expected> (0x000000008b609b08) thrown at [c:/BuildAgent/work/5ff2f6c26000d570/src/hotspot/share/interpreter/linkResolver.cpp, line 8
Event: 5.680 Thread 0x0000019f25cfd000 Exception <a 'java/lang/NoSuchMethodError'{0x000000008b5710b0}: 'int java.lang.invoke.DirectMethodHandle$Holder.invokeStaticInit(java.lang.Object, java.lang.Object, java.lang.Object, java.lang.Object)'> (0x000000008b5710b0) thrown at [c:/BuildAgent/work/5

Events (10 events):
Event: 9.234 loading class com/fasterxml/jackson/annotation/JsonGetter done
Event: 9.234 loading class com/fasterxml/jackson/annotation/JsonProperty
Event: 9.234 loading class com/fasterxml/jackson/annotation/JsonProperty done
Event: 9.234 loading class com/fasterxml/jackson/annotation/JsonAutoDetect$1
Event: 9.234 loading class com/fasterxml/jackson/annotation/JsonAutoDetect$1 done
Event: 9.234 loading class com/fasterxml/jackson/annotation/JsonIgnore
Event: 9.234 loading class com/fasterxml/jackson/annotation/JsonIgnore done
Event: 9.234 loading class com/fasterxml/jackson/databind/introspect/POJOPropertyBuilder
Event: 9.234 loading class com/fasterxml/jackson/databind/introspect/POJOPropertyBuilder done
Event: 9.235 Executing VM operation: CollectForMetadataAllocation


Dynamic libraries:
0x00007ff64f150000 - 0x00007ff64f197000 	C:\Program Files\JetBrains\IntelliJ IDEA 2019.3\jbr\bin\java.exe
0x00007ffef2500000 - 0x00007ffef26f0000 	C:\WINDOWS\SYSTEM32\ntdll.dll
0x00007ffef05c0000 - 0x00007ffef0672000 	C:\WINDOWS\System32\KERNEL32.DLL
0x00007ffeef680000 - 0x00007ffeef923000 	C:\WINDOWS\System32\KERNELBASE.dll
0x00007ffef1b00000 - 0x00007ffef1c94000 	C:\WINDOWS\System32\USER32.dll
0x00007ffeefba0000 - 0x00007ffeefbc1000 	C:\WINDOWS\System32\win32u.dll
0x00007ffef11b0000 - 0x00007ffef11d6000 	C:\WINDOWS\System32\GDI32.dll
0x00007ffeefa00000 - 0x00007ffeefb94000 	C:\WINDOWS\System32\gdi32full.dll
0x00007ffeef490000 - 0x00007ffeef52e000 	C:\WINDOWS\System32\msvcp_win.dll
0x00007ffeef530000 - 0x00007ffeef62a000 	C:\WINDOWS\System32\ucrtbase.dll
0x00007ffecb4c0000 - 0x00007ffecb745000 	C:\WINDOWS\WinSxS\amd64_microsoft.windows.common-controls_6595b64144ccf1df_6.0.18362.592_none_e6c0b1911312be02\COMCTL32.dll
0x00007ffef0ec0000 - 0x00007ffef0f5e000 	C:\WINDOWS\System32\msvcrt.dll
0x00007ffef1ca0000 - 0x00007ffef1fd6000 	C:\WINDOWS\System32\combase.dll
0x00007ffef11e0000 - 0x00007ffef1300000 	C:\WINDOWS\System32\RPCRT4.dll
0x00007ffef0500000 - 0x00007ffef0580000 	C:\WINDOWS\System32\bcryptPrimitives.dll
0x00007ffef1040000 - 0x00007ffef106e000 	C:\WINDOWS\System32\IMM32.DLL
0x00007ffee1160000 - 0x00007ffee1177000 	C:\Program Files\JetBrains\IntelliJ IDEA 2019.3\jbr\bin\vcruntime140.dll
0x00007ffec3510000 - 0x00007ffec35ad000 	C:\Program Files\JetBrains\IntelliJ IDEA 2019.3\jbr\bin\msvcp140.dll
0x00007ffea7710000 - 0x00007ffea81c8000 	C:\Program Files\JetBrains\IntelliJ IDEA 2019.3\jbr\bin\server\jvm.dll
0x00007ffef2410000 - 0x00007ffef24b3000 	C:\WINDOWS\System32\ADVAPI32.dll
0x00007ffef0bf0000 - 0x00007ffef0c87000 	C:\WINDOWS\System32\sechost.dll
0x00007ffef05b0000 - 0x00007ffef05b8000 	C:\WINDOWS\System32\PSAPI.DLL
0x00007ffec0df0000 - 0x00007ffec0df9000 	C:\WINDOWS\SYSTEM32\WSOCK32.dll
0x00007ffef0b00000 - 0x00007ffef0b6f000 	C:\WINDOWS\System32\WS2_32.dll
0x00007ffedf430000 - 0x00007ffedf454000 	C:\WINDOWS\SYSTEM32\WINMM.dll
0x00007ffee75e0000 - 0x00007ffee75ea000 	C:\WINDOWS\SYSTEM32\VERSION.dll
0x00007ffedf280000 - 0x00007ffedf2ad000 	C:\WINDOWS\SYSTEM32\WINMMBASE.dll
0x00007ffeef630000 - 0x00007ffeef67a000 	C:\WINDOWS\System32\cfgmgr32.dll
0x00007ffeef3e0000 - 0x00007ffeef3f1000 	C:\WINDOWS\System32\kernel.appcore.dll
0x00007ffee7bc0000 - 0x00007ffee7bd1000 	C:\Program Files\JetBrains\IntelliJ IDEA 2019.3\jbr\bin\verify.dll
0x00007ffeeab50000 - 0x00007ffeead44000 	C:\WINDOWS\SYSTEM32\DBGHELP.DLL
0x00007ffee4d40000 - 0x00007ffee4d6a000 	C:\WINDOWS\SYSTEM32\dbgcore.DLL
0x00007ffee2e80000 - 0x00007ffee2ea9000 	C:\Program Files\JetBrains\IntelliJ IDEA 2019.3\jbr\bin\java.dll
0x00007ffedf110000 - 0x00007ffedf144000 	C:\Program Files\JetBrains\IntelliJ IDEA 2019.3\jbr\bin\instrument.dll
0x00007ffee6880000 - 0x00007ffee6897000 	C:\Program Files\JetBrains\IntelliJ IDEA 2019.3\jbr\bin\zip.dll
0x00007ffee7bb0000 - 0x00007ffee7bbb000 	C:\Program Files\JetBrains\IntelliJ IDEA 2019.3\jbr\bin\jimage.dll
0x00007ffef13b0000 - 0x00007ffef1a95000 	C:\WINDOWS\System32\SHELL32.dll
0x00007ffef1300000 - 0x00007ffef13a9000 	C:\WINDOWS\System32\shcore.dll
0x00007ffeefc30000 - 0x00007ffef03af000 	C:\WINDOWS\System32\windows.storage.dll
0x00007ffeef450000 - 0x00007ffeef46f000 	C:\WINDOWS\System32\profapi.dll
0x00007ffeef400000 - 0x00007ffeef44a000 	C:\WINDOWS\System32\powrprof.dll
0x00007ffeef3d0000 - 0x00007ffeef3e0000 	C:\WINDOWS\System32\UMPDC.dll
0x00007ffef1aa0000 - 0x00007ffef1af2000 	C:\WINDOWS\System32\shlwapi.dll
0x00007ffeef930000 - 0x00007ffeef947000 	C:\WINDOWS\System32\cryptsp.dll
0x00007ffee2e30000 - 0x00007ffee2e4a000 	C:\Program Files\JetBrains\IntelliJ IDEA 2019.3\jbr\bin\net.dll
0x00007ffee7290000 - 0x00007ffee7380000 	C:\WINDOWS\SYSTEM32\WINHTTP.dll
0x00007ffece650000 - 0x00007ffece826000 	C:\WINDOWS\SYSTEM32\urlmon.dll
0x00007ffee0370000 - 0x00007ffee0616000 	C:\WINDOWS\SYSTEM32\iertutil.dll
0x00007ffeeee10000 - 0x00007ffeeee1c000 	C:\WINDOWS\SYSTEM32\CRYPTBASE.DLL
0x00007ffeeec40000 - 0x00007ffeeeca7000 	C:\WINDOWS\system32\mswsock.dll
0x00007ffee2e10000 - 0x00007ffee2e24000 	C:\Program Files\JetBrains\IntelliJ IDEA 2019.3\jbr\bin\nio.dll
0x00007ffee6eb0000 - 0x00007ffee6eca000 	C:\Program Files\JetBrains\IntelliJ IDEA 2019.3\bin\breakgen64.dll
0x00007ffeee990000 - 0x00007ffeeea5a000 	C:\WINDOWS\SYSTEM32\DNSAPI.dll
0x00007ffef0af0000 - 0x00007ffef0af8000 	C:\WINDOWS\System32\NSI.dll
0x00007ffeee950000 - 0x00007ffeee98a000 	C:\WINDOWS\SYSTEM32\IPHLPAPI.DLL
0x00007ffee0070000 - 0x00007ffee007a000 	C:\Windows\System32\rasadhlp.dll
0x00007ffee3640000 - 0x00007ffee36b7000 	C:\WINDOWS\System32\fwpuclnt.dll
0x00007ffef0580000 - 0x00007ffef05a6000 	C:\WINDOWS\System32\bcrypt.dll
0x00007ffee7b40000 - 0x00007ffee7b4a000 	C:\Program Files\JetBrains\IntelliJ IDEA 2019.3\jbr\bin\management.dll
0x00007ffee6e80000 - 0x00007ffee6e8c000 	C:\Program Files\JetBrains\IntelliJ IDEA 2019.3\jbr\bin\management_ext.dll
0x00007ffeee7b0000 - 0x00007ffeee7e3000 	C:\WINDOWS\system32\rsaenh.dll
0x00007ffeef2f0000 - 0x00007ffeef315000 	C:\WINDOWS\SYSTEM32\USERENV.dll
0x00007ffee4890000 - 0x00007ffee48a6000 	C:\WINDOWS\SYSTEM32\dhcpcsvc6.DLL
0x00007ffee4ea0000 - 0x00007ffee4ebc000 	C:\WINDOWS\SYSTEM32\dhcpcsvc.DLL
0x00007ffec1c90000 - 0x00007ffec1ca6000 	C:\WINDOWS\system32\napinsp.dll
0x00007ffec1c70000 - 0x00007ffec1c8a000 	C:\WINDOWS\system32\pnrpnsp.dll
0x00007ffec1c60000 - 0x00007ffec1c6e000 	C:\WINDOWS\System32\winrnr.dll
0x00007ffee6250000 - 0x00007ffee626c000 	C:\WINDOWS\system32\NLAapi.dll
0x00007ffec1c40000 - 0x00007ffec1c55000 	C:\WINDOWS\system32\wshbth.dll

dbghelp: loaded successfully - version: 4.0.5 - missing functions: none
symbol engine: initialized successfully - sym options: 0x614 - pdb path: .;C:\Program Files\JetBrains\IntelliJ IDEA 2019.3\jbr\bin;C:\WINDOWS\SYSTEM32;C:\WINDOWS\WinSxS\amd64_microsoft.windows.common-controls_6595b64144ccf1df_6.0.18362.592_none_e6c0b1911312be02;C:\Program Files\JetBrains\IntelliJ IDEA 2019.3\jbr\bin\server;C:\Program Files\JetBrains\IntelliJ IDEA 2019.3\bin

VM Arguments:
jvm_args: -XX:TieredStopAtLevel=1 -Xverify:none -Dspring.output.ansi.enabled=always -Dcom.sun.management.jmxremote -Dspring.jmx.enabled=true -Dspring.liveBeansView.mbeanDomain -Dspring.application.admin.enabled=true -javaagent:C:\Program Files\JetBrains\IntelliJ IDEA 2019.3\lib\idea_rt.jar=61262:C:\Program Files\JetBrains\IntelliJ IDEA 2019.3\bin -Dfile.encoding=UTF-8 
java_command: ecole.projetEcole.ProjetEcoleApplication
java_class_path (initial): C:\Users\mcourrierdemere\Documents\ProjetEcole\projetEcole\target\classes;C:\Users\mcourrierdemere\.m2\repository\org\springframework\boot\spring-boot-starter-web\2.2.1.RELEASE\spring-boot-starter-web-2.2.1.RELEASE.jar;C:\Users\mcourrierdemere\.m2\repository\org\springframework\boot\spring-boot-starter\2.2.1.RELEASE\spring-boot-starter-2.2.1.RELEASE.jar;C:\Users\mcourrierdemere\.m2\repository\org\springframework\boot\spring-boot\2.2.1.RELEASE\spring-boot-2.2.1.RELEASE.jar;C:\Users\mcourrierdemere\.m2\repository\org\springframework\boot\spring-boot-autoconfigure\2.2.1.RELEASE\spring-boot-autoconfigure-2.2.1.RELEASE.jar;C:\Users\mcourrierdemere\.m2\repository\org\springframework\boot\spring-boot-starter-logging\2.2.1.RELEASE\spring-boot-starter-logging-2.2.1.RELEASE.jar;C:\Users\mcourrierdemere\.m2\repository\ch\qos\logback\logback-classic\1.2.3\logback-classic-1.2.3.jar;C:\Users\mcourrierdemere\.m2\repository\ch\qos\logback\logback-core\1.2.3\logback-core-1.2.3.jar;C:\Users\mcourrierdemere\.m2\repository\org\apache\logging\log4j\log4j-to-slf4j\2.12.1\log4j-to-slf4j-2.12.1.jar;C:\Users\mcourrierdemere\.m2\repository\org\apache\logging\log4j\log4j-api\2.12.1\log4j-api-2.12.1.jar;C:\Users\mcourrierdemere\.m2\repository\org\slf4j\jul-to-slf4j\1.7.29\jul-to-slf4j-1.7.29.jar;C:\Users\mcourrierdemere\.m2\repository\jakarta\annotation\jakarta.annotation-api\1.3.5\jakarta.annotation-api-1.3.5.jar;C:\Users\mcourrierdemere\.m2\repository\org\yaml\snakeyaml\1.25\snakeyaml-1.25.jar;C:\Users\mcourrierdemere\.m2\repository\org\springframework\boot\spring-boot-starter-json\2.2.1.RELEASE\spring-boot-starter-json-2.2.1.RELEASE.jar;C:\Users\mcourrierdemere\.m2\repository\com\fasterxml\jackson\core\jackson-databind\2.10.0\jackson-databind-2.10.0.jar;C:\Users\mcourrierdemere\.m2\repository\com\fasterxml\jackson\core\jackson-annotations\2.10.0\jackson-annotations-2.10.0.jar;C:\Users\mcourrierdemere\.m2\repository\com\fasterxml\jackson\core\jackson-core\2.10.0\
Launcher Type: SUN_STANDARD

[Global flags]
     bool BytecodeVerificationLocal                = false                                     {product} {command line}
     bool BytecodeVerificationRemote               = false                                     {product} {command line}
     intx CICompilerCount                          = 3                                         {product} {ergonomic}
     uint ConcGCThreads                            = 1                                         {product} {ergonomic}
     uint G1ConcRefinementThreads                  = 4                                         {product} {ergonomic}
   size_t G1HeapRegionSize                         = 1048576                                   {product} {ergonomic}
    uintx GCDrainStackTargetSize                   = 64                                        {product} {ergonomic}
   size_t InitialHeapSize                          = 134217728                                 {product} {ergonomic}
     bool ManagementServer                         = true                                      {product} {command line}
   size_t MarkStackSize                            = 4194304                                   {product} {ergonomic}
   size_t MaxHeapSize                              = 2116026368                                {product} {ergonomic}
   size_t MaxNewSize                               = 1268776960                                {product} {ergonomic}
   size_t MinHeapDeltaBytes                        = 1048576                                   {product} {ergonomic}
    uintx NonNMethodCodeHeapSize                   = 6973028                                {pd product} {ergonomic}
    uintx NonProfiledCodeHeapSize                  = 244685212                              {pd product} {ergonomic}
    uintx ProfiledCodeHeapSize                     = 0                                      {pd product} {ergonomic}
    uintx ReservedCodeCacheSize                    = 251658240                              {pd product} {ergonomic}
     bool SegmentedCodeCache                       = true                                      {product} {ergonomic}
     intx TieredStopAtLevel                        = 1                                         {product} {command line}
     bool UseCompressedClassPointers               = true                                 {lp64_product} {ergonomic}
     bool UseCompressedOops                        = true                                 {lp64_product} {ergonomic}
     bool UseG1GC                                  = true                                      {product} {ergonomic}
     bool UseLargePagesIndividualAllocation        = false                                  {pd product} {ergonomic}

Logging:
Log output configuration:
 #0: stdout all=warning uptime,level,tags
 #1: stderr all=off uptime,level,tags

Environment Variables:
PATH=C:\Program Files (x86)\Intel\iCLS Client\;C:\Program Files\Intel\iCLS Client\;C:\WINDOWS\system32;C:\WINDOWS;C:\WINDOWS\System32\Wbem;C:\WINDOWS\System32\WindowsPowerShell\v1.0\;c:\Program Files\Intel\WiFi\bin\;c:\Program Files\Common Files\Intel\WirelessCommon\;C:\Program Files (x86)\Intel\Intel(R) Management Engine Components\DAL;C:\Program Files\Intel\Intel(R) Management Engine Components\DAL;C:\Program Files (x86)\Intel\Intel(R) Management Engine Components\IPT;C:\Program Files\Intel\Intel(R) Management Engine Components\IPT;C:\WINDOWS\System32\OpenSSH\;C:\Program Files\Git\cmd;C:\Program Files\MySQL\MySQL Utilities 1.6\;C:\Program Files\nodejs\;C:\Users\mcourrierdemere\AppData\Local\Microsoft\WindowsApps;C:\Users\mcourrierdemere\AppData\Roaming\npm
USERNAME=mcourrierdemere
OS=Windows_NT
PROCESSOR_IDENTIFIER=Intel64 Family 6 Model 142 Stepping 9, GenuineIntel



---------------  S Y S T E M  ---------------

OS: Windows 10 , 64 bit Build 18362 (10.0.18362.329)

CPU:total 4 (initial active 4) (2 cores per cpu, 2 threads per core) family 6 model 142 stepping 9, cmov, cx8, fxsr, mmx, sse, sse2, sse3, ssse3, sse4.1, sse4.2, popcnt, avx, avx2, aes, clmul, erms, rtm, 3dnowpref, lzcnt, ht, tsc, tscinvbit, bmi1, bmi2, adx, fma

Memory: 4k page, system-wide physical 8071M (979M free)
TotalPageFile size 12167M (AvailPageFile size 0M)
current process WorkingSet (physical memory assigned to process): 290M, peak: 290M
current process commit charge ("private bytes"): 341M, peak: 342M

vm_info: OpenJDK 64-Bit Server VM (11.0.4+10-b520.11) for windows-amd64 JRE (11.0.4+10-b520.11), built on Nov 16 2019 04:35:14 by "" with MS VC++ 14.0 (VS2015)

END.
